2024-04-02 23:39:34,042:Test_ohrmpro: INFO:33:test_login_002:TEST CASE LOGIN_002 IS STARTED
2024-04-02 23:39:34,042:Test_ohrmpro: INFO:34:test_login_002:OPENING THE BROWSER
2024-04-02 23:39:34,044:Test_ohrmpro: INFO:35:test_login_002:MAXIMIZE THE WINDOW
2024-04-02 23:39:34,044:Test_ohrmpro: INFO:39:test_login_002:NAVIGATING TO THE URL
2024-04-02 23:39:38,571:Test_ohrmpro: INFO:42:test_login_002:ENTER THE USERNAME
2024-04-02 23:39:49,938:Test_ohrmpro: INFO:45:test_login_002:ENTER THE PASSWORD
2024-04-02 23:39:50,126:Test_ohrmpro: INFO:48:test_login_002:CLICK ON THE LOGIN BUTTON 
2024-04-02 23:39:50,378:Test_ohrmpro: INFO:51:test_login_002:CHECKING FOR THE STATUS
2024-04-02 23:39:53,371:Test_ohrmpro: INFO:55:test_login_002:TAKING THE SCREENSHOT
2024-04-02 23:39:54,190:Test_ohrmpro: INFO:60:test_login_002:CLICK ON THE MENU BUTTON
2024-04-02 23:39:54,367:Test_ohrmpro: INFO:63:test_login_002:CLICK ON THE LOGOUT BUTTON
2024-04-02 23:39:56,273:Test_ohrmpro: INFO:66:test_login_002:CLOSE THE BROWSER
2024-04-02 23:39:56,549:Test_ohrmpro: INFO:82:test_login_002:TEST CASE LOGIN_002 IS COMPLETED
2024-04-02 23:45:44,998:Test_ohrmpro: INFO:33:test_login_002:TEST CASE LOGIN_002 IS STARTED
2024-04-02 23:45:44,999:Test_ohrmpro: INFO:34:test_login_002:OPENING THE BROWSER
2024-04-02 23:45:44,999:Test_ohrmpro: INFO:35:test_login_002:MAXIMIZE THE WINDOW
2024-04-02 23:45:44,999:Test_ohrmpro: INFO:39:test_login_002:NAVIGATING TO THE URL
2024-04-02 23:45:49,576:Test_ohrmpro: INFO:42:test_login_002:ENTER THE USERNAME
2024-04-02 23:46:02,416:Test_ohrmpro: INFO:45:test_login_002:ENTER THE PASSWORD
2024-04-02 23:46:02,560:Test_ohrmpro: INFO:48:test_login_002:CLICK ON THE LOGIN BUTTON 
2024-04-02 23:46:05,272:Test_ohrmpro: INFO:51:test_login_002:CHECKING FOR THE STATUS
2024-04-02 23:46:06,318:Test_ohrmpro: INFO:55:test_login_002:TAKING THE SCREENSHOT
2024-04-02 23:46:07,204:Test_ohrmpro: INFO:60:test_login_002:CLICK ON THE MENU BUTTON
2024-04-02 23:46:07,346:Test_ohrmpro: INFO:63:test_login_002:CLICK ON THE LOGOUT BUTTON
2024-04-02 23:46:08,919:Test_ohrmpro: INFO:66:test_login_002:CLOSE THE BROWSER
2024-04-02 23:46:09,182:Test_ohrmpro: INFO:82:test_login_002:TEST CASE LOGIN_002 IS COMPLETED
2024-04-03 00:29:57,628:Test_ohrmpro: INFO:18:test_page_title_001:TEST CASE PAGE_TITLE_001 IS STARTED 
2024-04-03 00:29:57,628:Test_ohrmpro: INFO:19:test_page_title_001:MAXIMIZE THE BROWSER
2024-04-03 00:29:57,628:Test_ohrmpro: INFO:23:test_page_title_001:NAVIGATING TO THE URL
2024-04-03 00:30:13,447:Test_ohrmpro: INFO:26:test_page_title_001:CHECKING THE TITLE OF THE PAGE
2024-04-03 00:30:13,447:Test_ohrmpro: INFO:28:test_page_title_001:TAKING THE SCREENSHOT
2024-04-03 00:30:13,710:Test_ohrmpro: INFO:32:test_page_title_001:CLOSING THE BROWSER
2024-04-03 00:30:13,918:Test_ohrmpro: INFO:41:test_page_title_001:TEST CASE PAGE_TITLE_001 IS COMPLETED
2024-04-03 00:30:16,920:Test_ohrmpro: INFO:44:test_login_002:TEST CASE LOGIN_002 IS STARTED
2024-04-03 00:30:16,920:Test_ohrmpro: INFO:45:test_login_002:OPENING THE BROWSER
2024-04-03 00:30:16,920:Test_ohrmpro: INFO:46:test_login_002:MAXIMIZE THE WINDOW
2024-04-03 00:30:16,920:Test_ohrmpro: INFO:50:test_login_002:NAVIGATING TO THE URL
2024-04-03 00:30:29,972:Test_ohrmpro: INFO:53:test_login_002:ENTER THE USERNAME
2024-04-03 00:30:30,099:Test_ohrmpro: INFO:56:test_login_002:ENTER THE PASSWORD
2024-04-03 00:30:30,210:Test_ohrmpro: INFO:59:test_login_002:CLICK ON THE LOGIN BUTTON 
2024-04-03 00:30:30,304:Test_ohrmpro: INFO:62:test_login_002:CHECKING FOR THE STATUS
2024-04-03 00:30:32,204:Test_ohrmpro: INFO:66:test_login_002:TAKING THE SCREENSHOT
2024-04-03 00:30:32,890:Test_ohrmpro: INFO:72:test_login_002:CLICK ON THE MENU BUTTON
2024-04-03 00:30:32,976:Test_ohrmpro: INFO:75:test_login_002:CLICK ON THE LOGOUT BUTTON
2024-04-03 00:30:34,317:Test_ohrmpro: INFO:78:test_login_002:CLOSE THE BROWSER
2024-04-03 00:30:34,488:Test_ohrmpro: INFO:95:test_login_002:TEST CASE LOGIN_002 IS COMPLETED
2024-04-06 01:05:01,610:Test_Addd_Emp: INFO:26:test_add_emp_003:TEST CASE ADD_EMPL_003 IS STARTED
2024-04-06 01:05:01,610:Test_Addd_Emp: INFO:28:test_add_emp_003:OPENING THE BROWSER
2024-04-06 01:05:01,610:Test_Addd_Emp: INFO:30:test_add_emp_003:MAXIMIZE THE BROWSER
2024-04-06 01:05:01,610:Test_Addd_Emp: INFO:34:test_add_emp_003:NAVIGATING TO THE URL
2024-04-06 01:05:08,778:Test_Addd_Emp: INFO:37:test_add_emp_003:ENTERTING THE USERNAME
2024-04-06 01:05:20,096:Test_Addd_Emp: INFO:40:test_add_emp_003:ENTERING THE PASSWORD
2024-04-06 01:05:20,233:Test_Addd_Emp: INFO:43:test_add_emp_003:CLICK ON THE LOGIN BUTTON
2024-04-06 01:05:20,362:Test_Addd_Emp: INFO:48:test_add_emp_003:CLICK ON THE PIM TAB
2024-04-06 01:05:29,639:Test_Addd_Emp: INFO:51:test_add_emp_003:CLICk ON THE ADD BUTTON
2024-04-06 01:05:31,113:Test_Addd_Emp: INFO:54:test_add_emp_003:ENTERING THE USERNAME
2024-04-06 01:05:31,786:Test_Addd_Emp: INFO:57:test_add_emp_003:ENTERING THE PASSWORD
2024-04-06 01:05:31,916:Test_Addd_Emp: INFO:60:test_add_emp_003:ENTERING THE LASTNAME
2024-04-06 01:05:32,025:Test_Addd_Emp: INFO:63:test_add_emp_003:UPLOAD THE DISPLAY PROFILE
2024-04-06 01:05:40,221:Test_Addd_Emp: INFO:67:test_add_emp_003:CLICK ON THE SAVE BUTTON
2024-04-06 01:05:43,367:Test_Addd_Emp: INFO:70:test_add_emp_003:CHECKING FOR THE SUCCESS MESSAGE STATUS
2024-04-06 01:05:43,445:Test_Addd_Emp: INFO:72:test_add_emp_003:TAKING SCREENSHOT
2024-04-06 01:05:43,704:Test_Addd_Emp: INFO:86:test_add_emp_003:TEST CASE ADD_EMP_003 IS COMPLETED
2024-04-06 01:08:08,509:Test_Addd_Emp: INFO:26:test_add_emp_003:TEST CASE ADD_EMPL_003 IS STARTED
2024-04-06 01:08:08,509:Test_Addd_Emp: INFO:28:test_add_emp_003:OPENING THE BROWSER
2024-04-06 01:08:08,509:Test_Addd_Emp: INFO:30:test_add_emp_003:MAXIMIZE THE BROWSER
2024-04-06 01:08:08,509:Test_Addd_Emp: INFO:34:test_add_emp_003:NAVIGATING TO THE URL
2024-04-06 01:08:12,798:Test_Addd_Emp: INFO:37:test_add_emp_003:ENTERTING THE USERNAME
2024-04-06 01:08:23,408:Test_Addd_Emp: INFO:40:test_add_emp_003:ENTERING THE PASSWORD
2024-04-06 01:08:23,532:Test_Addd_Emp: INFO:43:test_add_emp_003:CLICK ON THE LOGIN BUTTON
2024-04-06 01:08:23,648:Test_Addd_Emp: INFO:48:test_add_emp_003:CLICK ON THE PIM TAB
2024-04-06 01:08:29,534:Test_Addd_Emp: INFO:51:test_add_emp_003:CLICk ON THE ADD BUTTON
2024-04-06 01:08:31,123:Test_Addd_Emp: INFO:54:test_add_emp_003:ENTERING THE USERNAME
2024-04-06 01:08:31,755:Test_Addd_Emp: INFO:57:test_add_emp_003:ENTERING THE PASSWORD
2024-04-06 01:08:31,869:Test_Addd_Emp: INFO:60:test_add_emp_003:ENTERING THE LASTNAME
2024-04-06 01:08:31,972:Test_Addd_Emp: INFO:63:test_add_emp_003:UPLOAD THE DISPLAY PROFILE
2024-04-06 01:08:40,208:Test_Addd_Emp: INFO:67:test_add_emp_003:CLICK ON THE SAVE BUTTON
2024-04-06 01:08:43,345:Test_Addd_Emp: INFO:70:test_add_emp_003:CHECKING FOR THE SUCCESS MESSAGE STATUS
2024-04-06 01:08:43,443:Test_Addd_Emp: INFO:72:test_add_emp_003:TAKING SCREENSHOT
2024-04-06 01:08:43,732:Test_Addd_Emp: INFO:86:test_add_emp_003:TEST CASE ADD_EMP_003 IS COMPLETED
2024-04-06 01:46:49,617:Test_Addd_Emp: INFO:26:test_add_emp_003:TEST CASE ADD_EMPL_003 IS STARTED
2024-04-06 01:46:49,617:Test_Addd_Emp: INFO:28:test_add_emp_003:OPENING THE BROWSER
2024-04-06 01:46:49,617:Test_Addd_Emp: INFO:30:test_add_emp_003:MAXIMIZE THE BROWSER
2024-04-06 01:46:49,617:Test_Addd_Emp: INFO:34:test_add_emp_003:NAVIGATING TO THE URL
2024-04-06 01:47:25,965:Test_Addd_Emp: INFO:37:test_add_emp_003:ENTERTING THE USERNAME
2024-04-06 01:47:26,115:Test_Addd_Emp: INFO:40:test_add_emp_003:ENTERING THE PASSWORD
2024-04-06 01:47:26,293:Test_Addd_Emp: INFO:43:test_add_emp_003:CLICK ON THE LOGIN BUTTON
2024-04-06 01:47:26,394:Test_Addd_Emp: INFO:48:test_add_emp_003:CLICK ON THE PIM TAB
2024-04-06 01:47:29,123:Test_Addd_Emp: INFO:51:test_add_emp_003:CLICk ON THE ADD BUTTON
2024-04-06 01:49:46,343:Test_Addd_Emp: INFO:26:test_add_emp_003:TEST CASE ADD_EMPL_003 IS STARTED
2024-04-06 01:49:46,343:Test_Addd_Emp: INFO:28:test_add_emp_003:OPENING THE BROWSER
2024-04-06 01:49:46,343:Test_Addd_Emp: INFO:30:test_add_emp_003:MAXIMIZE THE BROWSER
2024-04-06 01:49:46,343:Test_Addd_Emp: INFO:34:test_add_emp_003:NAVIGATING TO THE URL
2024-04-06 01:50:08,483:Test_Addd_Emp: INFO:37:test_add_emp_003:ENTERTING THE USERNAME
2024-04-06 01:50:08,741:Test_Addd_Emp: INFO:40:test_add_emp_003:ENTERING THE PASSWORD
2024-04-06 01:50:09,033:Test_Addd_Emp: INFO:43:test_add_emp_003:CLICK ON THE LOGIN BUTTON
2024-04-06 01:50:09,165:Test_Addd_Emp: INFO:48:test_add_emp_003:CLICK ON THE PIM TAB
2024-04-06 01:50:12,166:Test_Addd_Emp: INFO:51:test_add_emp_003:CLICk ON THE ADD BUTTON
2024-04-06 01:53:02,706:Test_Addd_Emp: INFO:26:test_add_emp_003:TEST CASE ADD_EMPL_003 IS STARTED
2024-04-06 01:53:02,706:Test_Addd_Emp: INFO:28:test_add_emp_003:OPENING THE BROWSER
2024-04-06 01:53:02,706:Test_Addd_Emp: INFO:30:test_add_emp_003:MAXIMIZE THE BROWSER
2024-04-06 01:53:02,706:Test_Addd_Emp: INFO:34:test_add_emp_003:NAVIGATING TO THE URL
2024-04-06 01:53:35,087:Test_Addd_Emp: INFO:37:test_add_emp_003:ENTERTING THE USERNAME
2024-04-06 01:53:35,355:Test_Addd_Emp: INFO:40:test_add_emp_003:ENTERING THE PASSWORD
2024-04-06 01:53:35,620:Test_Addd_Emp: INFO:43:test_add_emp_003:CLICK ON THE LOGIN BUTTON
2024-04-06 01:53:35,845:Test_Addd_Emp: INFO:48:test_add_emp_003:CLICK ON THE PIM TAB
2024-04-06 01:53:40,915:Test_Addd_Emp: INFO:51:test_add_emp_003:CLICk ON THE ADD BUTTON
2024-04-06 01:53:43,874:Test_Addd_Emp: INFO:54:test_add_emp_003:ENTERING THE USERNAME
2024-04-06 01:53:44,800:Test_Addd_Emp: INFO:57:test_add_emp_003:ENTERING THE PASSWORD
2024-04-06 01:53:45,068:Test_Addd_Emp: INFO:60:test_add_emp_003:ENTERING THE LASTNAME
2024-04-06 01:53:45,274:Test_Addd_Emp: INFO:63:test_add_emp_003:UPLOAD THE DISPLAY PROFILE
2024-04-06 01:53:53,639:Test_Addd_Emp: INFO:67:test_add_emp_003:CLICK ON THE SAVE BUTTON
2024-04-06 01:53:56,812:Test_Addd_Emp: INFO:70:test_add_emp_003:CHECKING FOR THE SUCCESS MESSAGE STATUS
2024-04-06 01:53:56,914:Test_Addd_Emp: INFO:72:test_add_emp_003:TAKING SCREENSHOT
2024-04-06 01:53:57,250:Test_Addd_Emp: INFO:86:test_add_emp_003:TEST CASE ADD_EMP_003 IS COMPLETED
2024-04-06 01:55:01,146:Test_Addd_Emp: INFO:26:test_add_emp_003:TEST CASE ADD_EMPL_003 IS STARTED
2024-04-06 01:55:01,146:Test_Addd_Emp: INFO:28:test_add_emp_003:OPENING THE BROWSER
2024-04-06 01:55:01,146:Test_Addd_Emp: INFO:30:test_add_emp_003:MAXIMIZE THE BROWSER
2024-04-06 01:55:01,146:Test_Addd_Emp: INFO:34:test_add_emp_003:NAVIGATING TO THE URL
2024-04-06 01:55:24,019:Test_Addd_Emp: INFO:37:test_add_emp_003:ENTERTING THE USERNAME
2024-04-06 01:55:24,256:Test_Addd_Emp: INFO:40:test_add_emp_003:ENTERING THE PASSWORD
2024-04-06 01:55:24,494:Test_Addd_Emp: INFO:43:test_add_emp_003:CLICK ON THE LOGIN BUTTON
2024-04-06 01:55:24,720:Test_Addd_Emp: INFO:48:test_add_emp_003:CLICK ON THE PIM TAB
2024-04-06 01:55:29,372:Test_Addd_Emp: INFO:51:test_add_emp_003:CLICk ON THE ADD BUTTON
2024-04-06 01:55:31,803:Test_Addd_Emp: INFO:54:test_add_emp_003:ENTERING THE USERNAME
2024-04-06 01:55:32,545:Test_Addd_Emp: INFO:57:test_add_emp_003:ENTERING THE PASSWORD
2024-04-06 01:55:32,717:Test_Addd_Emp: INFO:60:test_add_emp_003:ENTERING THE LASTNAME
2024-04-06 01:55:32,862:Test_Addd_Emp: INFO:63:test_add_emp_003:UPLOAD THE DISPLAY PROFILE
2024-04-06 01:55:41,139:Test_Addd_Emp: INFO:67:test_add_emp_003:CLICK ON THE SAVE BUTTON
2024-04-06 01:55:44,284:Test_Addd_Emp: INFO:70:test_add_emp_003:CHECKING FOR THE SUCCESS MESSAGE STATUS
2024-04-06 01:55:44,374:Test_Addd_Emp: INFO:72:test_add_emp_003:TAKING SCREENSHOT
2024-04-06 01:55:44,693:Test_Addd_Emp: INFO:86:test_add_emp_003:TEST CASE ADD_EMP_003 IS COMPLETED
2024-04-06 23:54:24,404:Test_Addd_Emp: INFO:26:test_add_emp_003:TEST CASE ADD_EMPL_003 IS STARTED
2024-04-06 23:54:24,404:Test_Addd_Emp: INFO:28:test_add_emp_003:OPENING THE BROWSER
2024-04-06 23:54:24,404:Test_Addd_Emp: INFO:30:test_add_emp_003:MAXIMIZE THE BROWSER
2024-04-06 23:54:24,404:Test_Addd_Emp: INFO:34:test_add_emp_003:NAVIGATING TO THE URL
2024-04-06 23:54:42,855:Test_Addd_Emp: INFO:37:test_add_emp_003:ENTERTING THE USERNAME
2024-04-06 23:54:43,038:Test_Addd_Emp: INFO:40:test_add_emp_003:ENTERING THE PASSWORD
2024-04-06 23:54:43,129:Test_Addd_Emp: INFO:43:test_add_emp_003:CLICK ON THE LOGIN BUTTON
2024-04-06 23:54:43,215:Test_Addd_Emp: INFO:48:test_add_emp_003:CLICK ON THE PIM TAB
2024-04-06 23:54:45,503:Test_Addd_Emp: INFO:51:test_add_emp_003:CLICk ON THE ADD BUTTON
2024-04-06 23:55:24,947:Test_Addd_Emp: INFO:26:test_add_emp_003:TEST CASE ADD_EMPL_003 IS STARTED
2024-04-06 23:55:24,947:Test_Addd_Emp: INFO:28:test_add_emp_003:OPENING THE BROWSER
2024-04-06 23:55:24,947:Test_Addd_Emp: INFO:30:test_add_emp_003:MAXIMIZE THE BROWSER
2024-04-06 23:55:24,947:Test_Addd_Emp: INFO:34:test_add_emp_003:NAVIGATING TO THE URL
2024-04-06 23:55:40,668:Test_Addd_Emp: INFO:37:test_add_emp_003:ENTERTING THE USERNAME
2024-04-06 23:55:40,796:Test_Addd_Emp: INFO:40:test_add_emp_003:ENTERING THE PASSWORD
2024-04-06 23:55:40,892:Test_Addd_Emp: INFO:43:test_add_emp_003:CLICK ON THE LOGIN BUTTON
2024-04-06 23:55:42,303:Test_Addd_Emp: INFO:48:test_add_emp_003:CLICK ON THE PIM TAB
2024-04-06 23:57:05,956:Test_Addd_Emp: INFO:51:test_add_emp_003:CLICk ON THE ADD BUTTON
2024-04-07 00:01:25,856:Test_Addd_Emp: INFO:26:test_add_emp_003:TEST CASE ADD_EMPL_003 IS STARTED
2024-04-07 00:01:25,857:Test_Addd_Emp: INFO:28:test_add_emp_003:OPENING THE BROWSER
2024-04-07 00:01:25,857:Test_Addd_Emp: INFO:30:test_add_emp_003:MAXIMIZE THE BROWSER
2024-04-07 00:01:25,857:Test_Addd_Emp: INFO:34:test_add_emp_003:NAVIGATING TO THE URL
2024-04-07 00:02:27,440:Test_Addd_Emp: INFO:37:test_add_emp_003:ENTERTING THE USERNAME
2024-04-07 00:03:05,181:Test_Addd_Emp: INFO:40:test_add_emp_003:ENTERING THE PASSWORD
2024-04-07 00:03:05,291:Test_Addd_Emp: INFO:43:test_add_emp_003:CLICK ON THE LOGIN BUTTON
2024-04-07 00:03:05,417:Test_Addd_Emp: INFO:48:test_add_emp_003:CLICK ON THE PIM TAB
2024-04-07 00:03:15,473:Test_Addd_Emp: INFO:51:test_add_emp_003:CLICk ON THE ADD BUTTON
2024-04-07 00:03:17,100:Test_Addd_Emp: INFO:54:test_add_emp_003:ENTERING THE USERNAME
2024-04-07 00:03:18,249:Test_Addd_Emp: INFO:57:test_add_emp_003:ENTERING THE PASSWORD
2024-04-07 00:03:18,418:Test_Addd_Emp: INFO:60:test_add_emp_003:ENTERING THE LASTNAME
2024-04-07 00:03:18,533:Test_Addd_Emp: INFO:63:test_add_emp_003:UPLOAD THE DISPLAY PROFILE
2024-04-07 00:03:26,886:Test_Addd_Emp: INFO:67:test_add_emp_003:CLICK ON THE SAVE BUTTON
2024-04-07 00:03:29,971:Test_Addd_Emp: INFO:70:test_add_emp_003:CHECKING FOR THE SUCCESS MESSAGE STATUS
2024-04-07 00:03:30,017:Test_Addd_Emp: INFO:72:test_add_emp_003:TAKING SCREENSHOT
2024-04-07 00:03:30,526:Test_Addd_Emp: INFO:86:test_add_emp_003:TEST CASE ADD_EMP_003 IS COMPLETED
2024-04-07 00:04:53,498:Test_Addd_Emp: INFO:26:test_add_emp_003:TEST CASE ADD_EMPL_003 IS STARTED
2024-04-07 00:04:53,498:Test_Addd_Emp: INFO:28:test_add_emp_003:OPENING THE BROWSER
2024-04-07 00:04:53,499:Test_Addd_Emp: INFO:30:test_add_emp_003:MAXIMIZE THE BROWSER
2024-04-07 00:04:53,499:Test_Addd_Emp: INFO:34:test_add_emp_003:NAVIGATING TO THE URL
2024-04-07 00:05:10,790:Test_Addd_Emp: INFO:37:test_add_emp_003:ENTERTING THE USERNAME
2024-04-07 00:05:10,887:Test_Addd_Emp: INFO:40:test_add_emp_003:ENTERING THE PASSWORD
2024-04-07 00:05:11,002:Test_Addd_Emp: INFO:43:test_add_emp_003:CLICK ON THE LOGIN BUTTON
2024-04-07 00:05:11,089:Test_Addd_Emp: INFO:48:test_add_emp_003:CLICK ON THE PIM TAB
2024-04-07 00:05:15,032:Test_Addd_Emp: INFO:51:test_add_emp_003:CLICk ON THE ADD BUTTON
2024-04-07 00:05:17,095:Test_Addd_Emp: INFO:54:test_add_emp_003:ENTERING THE USERNAME
2024-04-07 00:05:17,690:Test_Addd_Emp: INFO:57:test_add_emp_003:ENTERING THE PASSWORD
2024-04-07 00:05:17,803:Test_Addd_Emp: INFO:60:test_add_emp_003:ENTERING THE LASTNAME
2024-04-07 00:05:17,873:Test_Addd_Emp: INFO:63:test_add_emp_003:UPLOAD THE DISPLAY PROFILE
2024-04-07 00:05:26,306:Test_Addd_Emp: INFO:67:test_add_emp_003:CLICK ON THE SAVE BUTTON
2024-04-07 00:05:29,371:Test_Addd_Emp: INFO:70:test_add_emp_003:CHECKING FOR THE SUCCESS MESSAGE STATUS
2024-04-07 00:05:29,418:Test_Addd_Emp: INFO:72:test_add_emp_003:TAKING SCREENSHOT
2024-04-07 00:05:29,918:Test_Addd_Emp: INFO:86:test_add_emp_003:TEST CASE ADD_EMP_003 IS COMPLETED
2024-04-07 00:08:04,477:Test_Addd_Emp: INFO:26:test_add_emp_003:TEST CASE ADD_EMPL_003 IS STARTED
2024-04-07 00:08:04,477:Test_Addd_Emp: INFO:28:test_add_emp_003:OPENING THE BROWSER
2024-04-07 00:08:04,477:Test_Addd_Emp: INFO:30:test_add_emp_003:MAXIMIZE THE BROWSER
2024-04-07 00:08:04,477:Test_Addd_Emp: INFO:34:test_add_emp_003:NAVIGATING TO THE URL
2024-04-07 00:08:18,842:Test_Addd_Emp: INFO:37:test_add_emp_003:ENTERTING THE USERNAME
2024-04-07 00:08:18,946:Test_Addd_Emp: INFO:40:test_add_emp_003:ENTERING THE PASSWORD
2024-04-07 00:08:19,049:Test_Addd_Emp: INFO:43:test_add_emp_003:CLICK ON THE LOGIN BUTTON
2024-04-07 00:08:19,121:Test_Addd_Emp: INFO:48:test_add_emp_003:CLICK ON THE PIM TAB
2024-04-07 00:08:22,325:Test_Addd_Emp: INFO:51:test_add_emp_003:CLICk ON THE ADD BUTTON
2024-04-07 00:08:24,112:Test_Addd_Emp: INFO:54:test_add_emp_003:ENTERING THE USERNAME
2024-04-07 00:08:24,781:Test_Addd_Emp: INFO:57:test_add_emp_003:ENTERING THE PASSWORD
2024-04-07 00:08:24,902:Test_Addd_Emp: INFO:60:test_add_emp_003:ENTERING THE LASTNAME
2024-04-07 00:08:24,984:Test_Addd_Emp: INFO:63:test_add_emp_003:UPLOAD THE DISPLAY PROFILE
2024-04-07 00:08:33,392:Test_Addd_Emp: INFO:67:test_add_emp_003:CLICK ON THE SAVE BUTTON
2024-04-07 00:08:36,473:Test_Addd_Emp: INFO:70:test_add_emp_003:CHECKING FOR THE SUCCESS MESSAGE STATUS
2024-04-07 00:08:36,520:Test_Addd_Emp: INFO:72:test_add_emp_003:TAKING SCREENSHOT
2024-04-07 00:08:37,064:Test_Addd_Emp: INFO:86:test_add_emp_003:TEST CASE ADD_EMP_003 IS COMPLETED
2024-04-07 00:15:24,874:Test_Addd_Emp: INFO:26:test_add_emp_003:TEST CASE ADD_EMPL_003 IS STARTED
2024-04-07 00:15:24,887:Test_Addd_Emp: INFO:28:test_add_emp_003:OPENING THE BROWSER
2024-04-07 00:15:24,888:Test_Addd_Emp: INFO:30:test_add_emp_003:MAXIMIZE THE BROWSER
2024-04-07 00:15:24,888:Test_Addd_Emp: INFO:34:test_add_emp_003:NAVIGATING TO THE URL
2024-04-07 00:15:39,643:Test_Addd_Emp: INFO:37:test_add_emp_003:ENTERTING THE USERNAME
2024-04-07 00:15:39,745:Test_Addd_Emp: INFO:40:test_add_emp_003:ENTERING THE PASSWORD
2024-04-07 00:15:39,848:Test_Addd_Emp: INFO:43:test_add_emp_003:CLICK ON THE LOGIN BUTTON
2024-04-07 00:15:41,383:Test_Addd_Emp: INFO:48:test_add_emp_003:CLICK ON THE PIM TAB
2024-04-07 00:15:43,833:Test_Addd_Emp: INFO:51:test_add_emp_003:CLICk ON THE ADD BUTTON
2024-04-07 00:15:46,636:Test_Addd_Emp: INFO:54:test_add_emp_003:ENTERING THE USERNAME
2024-04-07 00:15:47,343:Test_Addd_Emp: INFO:57:test_add_emp_003:ENTERING THE PASSWORD
2024-04-07 00:15:47,469:Test_Addd_Emp: INFO:60:test_add_emp_003:ENTERING THE LASTNAME
2024-04-07 00:15:47,557:Test_Addd_Emp: INFO:63:test_add_emp_003:UPLOAD THE DISPLAY PROFILE
2024-04-07 00:15:55,981:Test_Addd_Emp: INFO:67:test_add_emp_003:CLICK ON THE SAVE BUTTON
2024-04-07 00:15:59,064:Test_Addd_Emp: INFO:70:test_add_emp_003:CHECKING FOR THE SUCCESS MESSAGE STATUS
2024-04-07 00:15:59,112:Test_Addd_Emp: INFO:72:test_add_emp_003:TAKING SCREENSHOT
2024-04-07 00:15:59,608:Test_Addd_Emp: INFO:86:test_add_emp_003:TEST CASE ADD_EMP_003 IS COMPLETED
2024-04-07 01:32:47,889:Test_searchch_empemp: INFO:29:test_search_emp_004:TESTCASE TEST_SEARCH_EMP_004 IS STARTED
2024-04-07 01:32:47,889:Test_searchch_empemp: INFO:31:test_search_emp_004:OPEN THE BROWSER
2024-04-07 01:32:47,891:Test_searchch_empemp: INFO:33:test_search_emp_004:MAXIMIZE THE BROWSER
2024-04-07 01:32:47,891:Test_searchch_empemp: INFO:35:test_search_emp_004:NAVIGATING TO URL
2024-04-07 01:33:06,727:Test_searchch_empemp: INFO:38:test_search_emp_004:ENTERING THE USERNAME
2024-04-07 01:33:08,216:Test_searchch_empemp: INFO:41:test_search_emp_004:ENTERING THE PASSWORD
2024-04-07 01:33:08,354:Test_searchch_empemp: INFO:44:test_search_emp_004:CLICK ON LOGIN BUTTON
2024-04-07 01:33:10,943:Test_searchch_empemp: INFO:49:test_search_emp_004:CLICK ON PIM BUTTON
2024-04-07 01:33:13,163:Test_searchch_empemp: INFO:54:test_search_emp_004:CLICK ON EMPID BUTTON
2024-04-07 01:33:17,287:Test_searchch_empemp: INFO:57:test_search_emp_004:CLICK ON SEARCH BUTTON
2024-04-07 01:33:23,972:Test_searchch_empemp: INFO:65:test_search_emp_004:DETAILS OF EMPLOYEE ARE PRINTED
2024-04-07 01:33:23,972:Test_searchch_empemp: INFO:66:test_search_emp_004:TAKING THE SCREENSHOT
2024-04-07 01:33:23,972:Test_searchch_empemp: INFO:67:test_search_emp_004:TEST CASE IS PASSED
2024-04-07 01:33:24,323:Test_searchch_empemp: INFO:78:test_search_emp_004:TESTCASE TEST_SEARCH_EMP_004 IS COMPLETED
2024-04-07 01:34:18,794:Test_searchch_empemp: INFO:29:test_search_emp_004:TESTCASE TEST_SEARCH_EMP_004 IS STARTED
2024-04-07 01:34:18,794:Test_searchch_empemp: INFO:31:test_search_emp_004:OPEN THE BROWSER
2024-04-07 01:34:18,795:Test_searchch_empemp: INFO:33:test_search_emp_004:MAXIMIZE THE BROWSER
2024-04-07 01:34:18,795:Test_searchch_empemp: INFO:35:test_search_emp_004:NAVIGATING TO URL
2024-04-07 01:34:19,904:Test_searchch_empemp: INFO:38:test_search_emp_004:ENTERING THE USERNAME
2024-04-07 01:34:38,572:Test_searchch_empemp: INFO:41:test_search_emp_004:ENTERING THE PASSWORD
2024-04-07 01:34:38,746:Test_searchch_empemp: INFO:44:test_search_emp_004:CLICK ON LOGIN BUTTON
2024-04-07 01:34:38,888:Test_searchch_empemp: INFO:49:test_search_emp_004:CLICK ON PIM BUTTON
2024-04-07 01:34:44,152:Test_searchch_empemp: INFO:54:test_search_emp_004:CLICK ON EMPID BUTTON
2024-04-07 01:34:48,057:Test_searchch_empemp: INFO:57:test_search_emp_004:CLICK ON SEARCH BUTTON
2024-04-07 01:35:04,757:Test_searchch_empemp: INFO:75:test_search_emp_004:TEST CASE IS FAILED
2024-04-07 01:37:43,563:Test_searchch_empemp: INFO:29:test_search_emp_004:TESTCASE TEST_SEARCH_EMP_004 IS STARTED
2024-04-07 01:37:43,564:Test_searchch_empemp: INFO:31:test_search_emp_004:OPEN THE BROWSER
2024-04-07 01:37:43,564:Test_searchch_empemp: INFO:33:test_search_emp_004:MAXIMIZE THE BROWSER
2024-04-07 01:37:43,565:Test_searchch_empemp: INFO:35:test_search_emp_004:NAVIGATING TO URL
2024-04-07 01:37:57,018:Test_searchch_empemp: INFO:38:test_search_emp_004:ENTERING THE USERNAME
2024-04-07 01:37:58,022:Test_searchch_empemp: INFO:41:test_search_emp_004:ENTERING THE PASSWORD
2024-04-07 01:37:58,180:Test_searchch_empemp: INFO:44:test_search_emp_004:CLICK ON LOGIN BUTTON
2024-04-07 01:38:00,044:Test_searchch_empemp: INFO:49:test_search_emp_004:CLICK ON PIM BUTTON
2024-04-07 01:38:05,683:Test_searchch_empemp: INFO:54:test_search_emp_004:CLICK ON EMPID BUTTON
2024-04-07 01:38:09,944:Test_searchch_empemp: INFO:57:test_search_emp_004:CLICK ON SEARCH BUTTON
2024-04-07 01:38:26,654:Test_searchch_empemp: INFO:75:test_search_emp_004:TEST CASE IS FAILED
2024-04-07 01:39:16,973:Test_searchch_empemp: INFO:29:test_search_emp_004:TESTCASE TEST_SEARCH_EMP_004 IS STARTED
2024-04-07 01:39:16,974:Test_searchch_empemp: INFO:31:test_search_emp_004:OPEN THE BROWSER
2024-04-07 01:39:16,974:Test_searchch_empemp: INFO:33:test_search_emp_004:MAXIMIZE THE BROWSER
2024-04-07 01:39:16,975:Test_searchch_empemp: INFO:35:test_search_emp_004:NAVIGATING TO URL
2024-04-07 01:39:31,288:Test_searchch_empemp: INFO:38:test_search_emp_004:ENTERING THE USERNAME
2024-04-07 01:39:32,573:Test_searchch_empemp: INFO:41:test_search_emp_004:ENTERING THE PASSWORD
2024-04-07 01:39:32,719:Test_searchch_empemp: INFO:44:test_search_emp_004:CLICK ON LOGIN BUTTON
2024-04-07 01:39:35,134:Test_searchch_empemp: INFO:49:test_search_emp_004:CLICK ON PIM BUTTON
2024-04-07 01:39:38,053:Test_searchch_empemp: INFO:54:test_search_emp_004:CLICK ON EMPID BUTTON
2024-04-07 01:39:41,891:Test_searchch_empemp: INFO:57:test_search_emp_004:CLICK ON SEARCH BUTTON
2024-04-07 01:42:07,709:Test_searchch_empemp: INFO:29:test_search_emp_004:TESTCASE TEST_SEARCH_EMP_004 IS STARTED
2024-04-07 01:42:07,710:Test_searchch_empemp: INFO:31:test_search_emp_004:OPEN THE BROWSER
2024-04-07 01:42:07,710:Test_searchch_empemp: INFO:33:test_search_emp_004:MAXIMIZE THE BROWSER
2024-04-07 01:42:07,711:Test_searchch_empemp: INFO:35:test_search_emp_004:NAVIGATING TO URL
2024-04-07 01:42:20,656:Test_searchch_empemp: INFO:38:test_search_emp_004:ENTERING THE USERNAME
2024-04-07 01:42:21,943:Test_searchch_empemp: INFO:41:test_search_emp_004:ENTERING THE PASSWORD
2024-04-07 01:42:22,093:Test_searchch_empemp: INFO:44:test_search_emp_004:CLICK ON LOGIN BUTTON
2024-04-07 01:42:24,443:Test_searchch_empemp: INFO:49:test_search_emp_004:CLICK ON PIM BUTTON
2024-04-07 01:42:26,711:Test_searchch_empemp: INFO:54:test_search_emp_004:CLICK ON EMPID BUTTON
2024-04-07 01:42:30,730:Test_searchch_empemp: INFO:57:test_search_emp_004:CLICK ON SEARCH BUTTON
2024-04-07 01:42:37,473:Test_searchch_empemp: INFO:65:test_search_emp_004:DETAILS OF EMPLOYEE ARE PRINTED
2024-04-07 01:42:37,474:Test_searchch_empemp: INFO:66:test_search_emp_004:TAKING THE SCREENSHOT
2024-04-07 01:42:37,474:Test_searchch_empemp: INFO:67:test_search_emp_004:TEST CASE IS PASSED
2024-04-07 01:42:37,852:Test_searchch_empemp: INFO:78:test_search_emp_004:TESTCASE TEST_SEARCH_EMP_004 IS COMPLETED
2024-04-07 01:47:45,972:Test_searchch_empemp: INFO:29:test_search_emp_004:TESTCASE TEST_SEARCH_EMP_004 IS STARTED
2024-04-07 01:47:45,974:Test_searchch_empemp: INFO:31:test_search_emp_004:OPEN THE BROWSER
2024-04-07 01:47:45,975:Test_searchch_empemp: INFO:33:test_search_emp_004:MAXIMIZE THE BROWSER
2024-04-07 01:47:45,975:Test_searchch_empemp: INFO:35:test_search_emp_004:NAVIGATING TO URL
2024-04-07 01:47:59,793:Test_searchch_empemp: INFO:38:test_search_emp_004:ENTERING THE USERNAME
2024-04-07 01:48:01,799:Test_searchch_empemp: INFO:41:test_search_emp_004:ENTERING THE PASSWORD
2024-04-07 01:48:01,946:Test_searchch_empemp: INFO:44:test_search_emp_004:CLICK ON LOGIN BUTTON
2024-04-07 01:48:03,783:Test_searchch_empemp: INFO:49:test_search_emp_004:CLICK ON PIM BUTTON
2024-04-07 01:48:06,071:Test_searchch_empemp: INFO:54:test_search_emp_004:CLICK ON EMPID BUTTON
2024-04-07 01:48:09,956:Test_searchch_empemp: INFO:57:test_search_emp_004:CLICK ON SEARCH BUTTON
2024-04-07 01:48:26,518:Test_searchch_empemp: INFO:75:test_search_emp_004:TEST CASE IS FAILED
2024-04-07 01:52:32,330:Test_searchch_empemp: INFO:29:test_search_emp_004:TESTCASE TEST_SEARCH_EMP_004 IS STARTED
2024-04-07 01:52:32,330:Test_searchch_empemp: INFO:31:test_search_emp_004:OPEN THE BROWSER
2024-04-07 01:52:32,330:Test_searchch_empemp: INFO:33:test_search_emp_004:MAXIMIZE THE BROWSER
2024-04-07 01:52:32,331:Test_searchch_empemp: INFO:35:test_search_emp_004:NAVIGATING TO URL
2024-04-07 01:52:44,535:Test_searchch_empemp: INFO:38:test_search_emp_004:ENTERING THE USERNAME
2024-04-07 01:52:45,634:Test_searchch_empemp: INFO:41:test_search_emp_004:ENTERING THE PASSWORD
2024-04-07 01:52:45,793:Test_searchch_empemp: INFO:44:test_search_emp_004:CLICK ON LOGIN BUTTON
2024-04-07 01:52:48,035:Test_searchch_empemp: INFO:49:test_search_emp_004:CLICK ON PIM BUTTON
2024-04-07 01:52:50,309:Test_searchch_empemp: INFO:54:test_search_emp_004:CLICK ON EMPID BUTTON
2024-04-07 01:52:54,314:Test_searchch_empemp: INFO:57:test_search_emp_004:CLICK ON SEARCH BUTTON
2024-04-07 01:53:01,067:Test_searchch_empemp: INFO:65:test_search_emp_004:DETAILS OF EMPLOYEE ARE PRINTED
2024-04-07 01:53:01,067:Test_searchch_empemp: INFO:66:test_search_emp_004:TAKING THE SCREENSHOT
2024-04-07 01:53:01,067:Test_searchch_empemp: INFO:67:test_search_emp_004:TEST CASE IS PASSED
2024-04-07 01:53:01,442:Test_searchch_empemp: INFO:78:test_search_emp_004:TESTCASE TEST_SEARCH_EMP_004 IS COMPLETED
2024-04-08 02:03:44,619:Test_Ddt_add_emp: INFO:22:test_ddt_hrm_add_005: TESTCASE DDT_HRM_ADD_005 IS STARTED
2024-04-08 02:03:44,620:Test_Ddt_add_emp: INFO:24:test_ddt_hrm_add_005:OPENING THE BROWSER
2024-04-08 02:03:44,620:Test_Ddt_add_emp: INFO:26:test_ddt_hrm_add_005:MAXIMIZING THE WINDOW 
2024-04-08 02:03:44,621:Test_Ddt_add_emp: INFO:32:test_ddt_hrm_add_005:NAVIGATION TO HE URL
2024-04-08 02:03:48,828:Test_Ddt_add_emp: INFO:35:test_ddt_hrm_add_005:ENTERING THE USERNAME
2024-04-08 02:03:56,181:Test_Ddt_add_emp: INFO:38:test_ddt_hrm_add_005:ENTERING THE PASSWORD
2024-04-08 02:03:56,343:Test_Ddt_add_emp: INFO:41:test_ddt_hrm_add_005:CLICK ON LOGIN BUTTON
2024-04-08 02:04:29,638:Test_Ddt_add_emp: INFO:22:test_ddt_hrm_add_005: TESTCASE DDT_HRM_ADD_005 IS STARTED
2024-04-08 02:04:29,639:Test_Ddt_add_emp: INFO:24:test_ddt_hrm_add_005:OPENING THE BROWSER
2024-04-08 02:04:29,639:Test_Ddt_add_emp: INFO:26:test_ddt_hrm_add_005:MAXIMIZING THE WINDOW 
2024-04-08 02:04:29,639:Test_Ddt_add_emp: INFO:32:test_ddt_hrm_add_005:NAVIGATION TO HE URL
2024-04-08 02:04:42,718:Test_Ddt_add_emp: INFO:35:test_ddt_hrm_add_005:ENTERING THE USERNAME
2024-04-08 02:04:43,004:Test_Ddt_add_emp: INFO:38:test_ddt_hrm_add_005:ENTERING THE PASSWORD
2024-04-08 02:04:43,141:Test_Ddt_add_emp: INFO:41:test_ddt_hrm_add_005:CLICK ON LOGIN BUTTON
2024-04-08 02:04:45,008:Test_Ddt_add_emp: INFO:56:test_ddt_hrm_add_005:CLICK ON PIM TAB
2024-04-08 02:04:47,183:Test_Ddt_add_emp: INFO:59:test_ddt_hrm_add_005:CLICK ON ADD BUTTON 
2024-04-08 02:04:49,452:Test_Ddt_add_emp: INFO:62:test_ddt_hrm_add_005:ENTERING THE FIRST_NAME
2024-04-08 02:04:50,441:Test_Ddt_add_emp: INFO:65:test_ddt_hrm_add_005:ENTERING THE MIDDLE_NAME 
2024-04-08 02:04:50,590:Test_Ddt_add_emp: INFO:68:test_ddt_hrm_add_005:ENTERING THE LAST_NAME
2024-04-08 02:04:50,770:Test_Ddt_add_emp: INFO:71:test_ddt_hrm_add_005:FETCHING THE EMPLOYEE_ID
2024-04-08 02:04:50,815:Test_Ddt_add_emp: INFO:74:test_ddt_hrm_add_005:UPLOADING PROFILE PICTURE
2024-04-08 02:05:01,031:Test_Ddt_add_emp: INFO:78:test_ddt_hrm_add_005:CLICK ON SAVE BUTTON
2024-04-08 02:05:04,240:Test_Ddt_add_emp: INFO:81:test_ddt_hrm_add_005:CHECKING FOR THE SUCESS MESSAGE
2024-04-08 02:05:04,433:Test_Ddt_add_emp: INFO:85:test_ddt_hrm_add_005:TAKING SCREENSHOT
2024-04-08 02:05:05,043:Test_Ddt_add_emp: INFO:97:test_ddt_hrm_add_005:TESTCASE DDT_HRM_ADD_005 IS COMPLETED
2024-04-11 23:04:28,207:Test_Addd_Emp: INFO:26:test_add_emp_003:TEST CASE ADD_EMPL_003 IS STARTED
2024-04-11 23:04:28,207:Test_Addd_Emp: INFO:28:test_add_emp_003:OPENING THE BROWSER
2024-04-11 23:04:28,207:Test_Addd_Emp: INFO:30:test_add_emp_003:MAXIMIZE THE BROWSER
2024-04-11 23:04:28,207:Test_Addd_Emp: INFO:34:test_add_emp_003:NAVIGATING TO THE URL
2024-04-11 23:04:35,286:Test_Addd_Emp: INFO:37:test_add_emp_003:ENTERTING THE USERNAME
2024-04-11 23:04:54,120:Test_Addd_Emp: INFO:40:test_add_emp_003:ENTERING THE PASSWORD
2024-04-11 23:04:54,281:Test_Addd_Emp: INFO:43:test_add_emp_003:CLICK ON THE LOGIN BUTTON
2024-04-11 23:04:54,442:Test_Addd_Emp: INFO:48:test_add_emp_003:CLICK ON THE PIM TAB
2024-04-11 23:05:01,904:Test_Addd_Emp: INFO:51:test_add_emp_003:CLICk ON THE ADD BUTTON
2024-04-11 23:05:16,581:Test_ohrmpro: INFO:18:test_page_title_001:TEST CASE PAGE_TITLE_001 IS STARTED 
2024-04-11 23:05:16,581:Test_ohrmpro: INFO:19:test_page_title_001:MAXIMIZE THE BROWSER
2024-04-11 23:05:16,581:Test_ohrmpro: INFO:23:test_page_title_001:NAVIGATING TO THE URL
2024-04-11 23:06:39,377:Test_ohrmpro: INFO:26:test_page_title_001:CHECKING THE TITLE OF THE PAGE
2024-04-11 23:06:39,397:Test_ohrmpro: INFO:28:test_page_title_001:TAKING THE SCREENSHOT
2024-04-11 23:06:39,528:Test_ohrmpro: INFO:32:test_page_title_001:CLOSING THE BROWSER
2024-04-11 23:06:39,555:Test_ohrmpro: INFO:41:test_page_title_001:TEST CASE PAGE_TITLE_001 IS COMPLETED
2024-04-11 23:06:43,845:Test_ohrmpro: INFO:44:test_login_002:TEST CASE LOGIN_002 IS STARTED
2024-04-11 23:06:43,845:Test_ohrmpro: INFO:45:test_login_002:OPENING THE BROWSER
2024-04-11 23:06:43,845:Test_ohrmpro: INFO:46:test_login_002:MAXIMIZE THE WINDOW
2024-04-11 23:06:43,845:Test_ohrmpro: INFO:50:test_login_002:NAVIGATING TO THE URL
2024-04-11 23:07:20,454:Test_ohrmpro: INFO:53:test_login_002:ENTER THE USERNAME
2024-04-11 23:07:20,728:Test_ohrmpro: INFO:56:test_login_002:ENTER THE PASSWORD
2024-04-11 23:07:21,027:Test_ohrmpro: INFO:59:test_login_002:CLICK ON THE LOGIN BUTTON 
2024-04-11 23:07:21,180:Test_ohrmpro: INFO:62:test_login_002:CHECKING FOR THE STATUS
2024-04-11 23:07:24,169:Test_ohrmpro: INFO:66:test_login_002:TAKING THE SCREENSHOT
2024-04-11 23:07:24,425:Test_ohrmpro: INFO:72:test_login_002:CLICK ON THE MENU BUTTON
2024-04-11 23:07:24,528:Test_ohrmpro: INFO:75:test_login_002:CLICK ON THE LOGOUT BUTTON
2024-04-11 23:07:26,374:Test_ohrmpro: INFO:78:test_login_002:CLOSE THE BROWSER
2024-04-11 23:07:26,479:Test_ohrmpro: INFO:95:test_login_002:TEST CASE LOGIN_002 IS COMPLETED
2024-04-11 23:07:30,846:Test_searchch_empemp: INFO:29:test_search_emp_004:TESTCASE TEST_SEARCH_EMP_004 IS STARTED
2024-04-11 23:07:30,846:Test_searchch_empemp: INFO:31:test_search_emp_004:OPEN THE BROWSER
2024-04-11 23:07:30,846:Test_searchch_empemp: INFO:33:test_search_emp_004:MAXIMIZE THE BROWSER
2024-04-11 23:07:30,846:Test_searchch_empemp: INFO:35:test_search_emp_004:NAVIGATING TO URL
2024-04-11 23:08:01,044:Test_searchch_empemp: INFO:38:test_search_emp_004:ENTERING THE USERNAME
2024-04-11 23:08:02,726:Test_searchch_empemp: INFO:41:test_search_emp_004:ENTERING THE PASSWORD
2024-04-11 23:08:02,866:Test_searchch_empemp: INFO:44:test_search_emp_004:CLICK ON LOGIN BUTTON
2024-04-11 23:08:02,988:Test_searchch_empemp: INFO:49:test_search_emp_004:CLICK ON PIM BUTTON
2024-04-11 23:08:09,968:Test_searchch_empemp: INFO:54:test_search_emp_004:CLICK ON EMPID BUTTON
2024-04-11 23:13:05,949:Test_Addd_Emp: INFO:26:test_add_emp_003:TEST CASE ADD_EMPL_003 IS STARTED
2024-04-11 23:13:05,950:Test_Addd_Emp: INFO:28:test_add_emp_003:OPENING THE BROWSER
2024-04-11 23:13:05,950:Test_Addd_Emp: INFO:30:test_add_emp_003:MAXIMIZE THE BROWSER
2024-04-11 23:13:05,950:Test_Addd_Emp: INFO:34:test_add_emp_003:NAVIGATING TO THE URL
2024-04-11 23:13:20,516:Test_Addd_Emp: INFO:37:test_add_emp_003:ENTERTING THE USERNAME
2024-04-11 23:13:20,784:Test_Addd_Emp: INFO:40:test_add_emp_003:ENTERING THE PASSWORD
2024-04-11 23:13:20,960:Test_Addd_Emp: INFO:43:test_add_emp_003:CLICK ON THE LOGIN BUTTON
2024-04-11 23:13:22,899:Test_Addd_Emp: INFO:48:test_add_emp_003:CLICK ON THE PIM TAB
2024-04-11 23:13:25,514:Test_Addd_Emp: INFO:51:test_add_emp_003:CLICk ON THE ADD BUTTON
2024-04-11 23:13:27,387:Test_Addd_Emp: INFO:54:test_add_emp_003:ENTERING THE USERNAME
2024-04-11 23:13:28,300:Test_Addd_Emp: INFO:57:test_add_emp_003:ENTERING THE PASSWORD
2024-04-11 23:13:28,504:Test_Addd_Emp: INFO:60:test_add_emp_003:ENTERING THE LASTNAME
2024-04-11 23:13:28,643:Test_Addd_Emp: INFO:63:test_add_emp_003:UPLOAD THE DISPLAY PROFILE
2024-04-11 23:13:36,899:Test_Addd_Emp: INFO:67:test_add_emp_003:CLICK ON THE SAVE BUTTON
2024-04-11 23:13:40,066:Test_Addd_Emp: INFO:70:test_add_emp_003:CHECKING FOR THE SUCCESS MESSAGE STATUS
2024-04-11 23:13:40,296:Test_Addd_Emp: INFO:72:test_add_emp_003:TAKING SCREENSHOT
2024-04-11 23:13:42,559:Test_Addd_Emp: INFO:86:test_add_emp_003:TEST CASE ADD_EMP_003 IS COMPLETED
2024-04-11 23:13:47,902:Test_ohrmpro: INFO:20:test_page_title_001:TEST CASE PAGE_TITLE_001 IS STARTED 
2024-04-11 23:13:47,902:Test_ohrmpro: INFO:21:test_page_title_001:MAXIMIZE THE BROWSER
2024-04-11 23:13:47,903:Test_ohrmpro: INFO:25:test_page_title_001:NAVIGATING TO THE URL
2024-04-11 23:14:10,524:Test_ohrmpro: INFO:29:test_page_title_001:CHECKING THE TITLE OF THE PAGE
2024-04-11 23:14:10,543:Test_ohrmpro: INFO:31:test_page_title_001:TAKING THE SCREENSHOT
2024-04-11 23:14:10,870:Test_ohrmpro: INFO:35:test_page_title_001:CLOSING THE BROWSER
2024-04-11 23:14:11,121:Test_ohrmpro: INFO:44:test_page_title_001:TEST CASE PAGE_TITLE_001 IS COMPLETED
2024-04-11 23:14:15,871:Test_ohrmpro: INFO:47:test_login_002:TEST CASE LOGIN_002 IS STARTED
2024-04-11 23:14:15,872:Test_ohrmpro: INFO:48:test_login_002:OPENING THE BROWSER
2024-04-11 23:14:15,872:Test_ohrmpro: INFO:49:test_login_002:MAXIMIZE THE WINDOW
2024-04-11 23:14:15,872:Test_ohrmpro: INFO:53:test_login_002:NAVIGATING TO THE URL
2024-04-11 23:14:19,860:Test_ohrmpro: INFO:56:test_login_002:ENTER THE USERNAME
2024-04-11 23:14:24,553:Test_ohrmpro: INFO:59:test_login_002:ENTER THE PASSWORD
2024-04-11 23:14:24,694:Test_ohrmpro: INFO:62:test_login_002:CLICK ON THE LOGIN BUTTON 
2024-04-11 23:14:26,425:Test_ohrmpro: INFO:65:test_login_002:CHECKING FOR THE STATUS
2024-04-11 23:14:27,099:Test_ohrmpro: INFO:69:test_login_002:TAKING THE SCREENSHOT
2024-04-11 23:14:28,624:Test_ohrmpro: INFO:75:test_login_002:CLICK ON THE MENU BUTTON
2024-04-11 23:14:28,755:Test_ohrmpro: INFO:78:test_login_002:CLICK ON THE LOGOUT BUTTON
2024-04-11 23:14:30,008:Test_ohrmpro: INFO:81:test_login_002:CLOSE THE BROWSER
2024-04-11 23:14:30,271:Test_ohrmpro: INFO:98:test_login_002:TEST CASE LOGIN_002 IS COMPLETED
2024-04-11 23:14:35,228:Test_searchch_empemp: INFO:29:test_search_emp_004:TESTCASE TEST_SEARCH_EMP_004 IS STARTED
2024-04-11 23:14:35,229:Test_searchch_empemp: INFO:31:test_search_emp_004:OPEN THE BROWSER
2024-04-11 23:14:35,230:Test_searchch_empemp: INFO:33:test_search_emp_004:MAXIMIZE THE BROWSER
2024-04-11 23:14:35,231:Test_searchch_empemp: INFO:35:test_search_emp_004:NAVIGATING TO URL
2024-04-11 23:14:43,428:Test_searchch_empemp: INFO:38:test_search_emp_004:ENTERING THE USERNAME
2024-04-11 23:14:44,496:Test_searchch_empemp: INFO:41:test_search_emp_004:ENTERING THE PASSWORD
2024-04-11 23:14:44,644:Test_searchch_empemp: INFO:44:test_search_emp_004:CLICK ON LOGIN BUTTON
2024-04-11 23:14:48,731:Test_searchch_empemp: INFO:49:test_search_emp_004:CLICK ON PIM BUTTON
2024-04-11 23:14:51,156:Test_searchch_empemp: INFO:54:test_search_emp_004:CLICK ON EMPID BUTTON
2024-04-11 23:14:55,066:Test_searchch_empemp: INFO:57:test_search_emp_004:CLICK ON SEARCH BUTTON
2024-04-11 23:15:11,616:Test_searchch_empemp: INFO:75:test_search_emp_004:TEST CASE IS FAILED
2024-04-11 23:20:16,022:Test_Addd_Emp: INFO:26:test_add_emp_003:TEST CASE ADD_EMPL_003 IS STARTED
2024-04-11 23:20:16,022:Test_Addd_Emp: INFO:28:test_add_emp_003:OPENING THE BROWSER
2024-04-11 23:20:16,023:Test_Addd_Emp: INFO:30:test_add_emp_003:MAXIMIZE THE BROWSER
2024-04-11 23:20:16,023:Test_Addd_Emp: INFO:34:test_add_emp_003:NAVIGATING TO THE URL
2024-04-11 23:20:26,939:Test_Addd_Emp: INFO:37:test_add_emp_003:ENTERTING THE USERNAME
2024-04-11 23:20:27,228:Test_Addd_Emp: INFO:40:test_add_emp_003:ENTERING THE PASSWORD
2024-04-11 23:20:27,361:Test_Addd_Emp: INFO:43:test_add_emp_003:CLICK ON THE LOGIN BUTTON
2024-04-11 23:20:29,573:Test_Addd_Emp: INFO:48:test_add_emp_003:CLICK ON THE PIM TAB
2024-04-11 23:20:32,827:Test_Addd_Emp: INFO:51:test_add_emp_003:CLICk ON THE ADD BUTTON
2024-04-11 23:20:36,348:Test_Addd_Emp: INFO:54:test_add_emp_003:ENTERING THE USERNAME
2024-04-11 23:20:37,182:Test_Addd_Emp: INFO:57:test_add_emp_003:ENTERING THE PASSWORD
2024-04-11 23:20:37,384:Test_Addd_Emp: INFO:60:test_add_emp_003:ENTERING THE LASTNAME
2024-04-11 23:20:37,534:Test_Addd_Emp: INFO:63:test_add_emp_003:UPLOAD THE DISPLAY PROFILE
2024-04-11 23:20:45,783:Test_Addd_Emp: INFO:67:test_add_emp_003:CLICK ON THE SAVE BUTTON
2024-04-11 23:20:48,938:Test_Addd_Emp: INFO:70:test_add_emp_003:CHECKING FOR THE SUCCESS MESSAGE STATUS
2024-04-11 23:20:49,087:Test_Addd_Emp: INFO:72:test_add_emp_003:TAKING SCREENSHOT
2024-04-11 23:20:51,417:Test_Addd_Emp: INFO:86:test_add_emp_003:TEST CASE ADD_EMP_003 IS COMPLETED
2024-04-11 23:20:56,839:Test_ohrmpro: INFO:20:test_page_title_001:TEST CASE PAGE_TITLE_001 IS STARTED 
2024-04-11 23:20:56,840:Test_ohrmpro: INFO:21:test_page_title_001:MAXIMIZE THE BROWSER
2024-04-11 23:20:56,840:Test_ohrmpro: INFO:25:test_page_title_001:NAVIGATING TO THE URL
2024-04-11 23:21:26,794:Test_ohrmpro: INFO:29:test_page_title_001:CHECKING THE TITLE OF THE PAGE
2024-04-11 23:21:26,816:Test_ohrmpro: INFO:31:test_page_title_001:TAKING THE SCREENSHOT
2024-04-11 23:21:27,184:Test_ohrmpro: INFO:35:test_page_title_001:CLOSING THE BROWSER
2024-04-11 23:21:27,418:Test_ohrmpro: INFO:44:test_page_title_001:TEST CASE PAGE_TITLE_001 IS COMPLETED
2024-04-11 23:21:32,022:Test_ohrmpro: INFO:47:test_login_002:TEST CASE LOGIN_002 IS STARTED
2024-04-11 23:21:32,022:Test_ohrmpro: INFO:48:test_login_002:OPENING THE BROWSER
2024-04-11 23:21:32,023:Test_ohrmpro: INFO:49:test_login_002:MAXIMIZE THE WINDOW
2024-04-11 23:21:32,024:Test_ohrmpro: INFO:53:test_login_002:NAVIGATING TO THE URL
2024-04-11 23:21:44,168:Test_ohrmpro: INFO:56:test_login_002:ENTER THE USERNAME
2024-04-11 23:21:44,484:Test_ohrmpro: INFO:59:test_login_002:ENTER THE PASSWORD
2024-04-11 23:21:44,790:Test_ohrmpro: INFO:62:test_login_002:CLICK ON THE LOGIN BUTTON 
2024-04-11 23:21:45,016:Test_ohrmpro: INFO:65:test_login_002:CHECKING FOR THE STATUS
2024-04-11 23:21:47,312:Test_ohrmpro: INFO:69:test_login_002:TAKING THE SCREENSHOT
2024-04-11 23:21:48,741:Test_ohrmpro: INFO:75:test_login_002:CLICK ON THE MENU BUTTON
2024-04-11 23:21:48,895:Test_ohrmpro: INFO:78:test_login_002:CLICK ON THE LOGOUT BUTTON
2024-04-11 23:21:50,191:Test_ohrmpro: INFO:81:test_login_002:CLOSE THE BROWSER
2024-04-11 23:21:50,428:Test_ohrmpro: INFO:98:test_login_002:TEST CASE LOGIN_002 IS COMPLETED
2024-04-11 23:21:55,308:Test_searchch_empemp: INFO:29:test_search_emp_004:TESTCASE TEST_SEARCH_EMP_004 IS STARTED
2024-04-11 23:21:55,308:Test_searchch_empemp: INFO:31:test_search_emp_004:OPEN THE BROWSER
2024-04-11 23:21:55,308:Test_searchch_empemp: INFO:33:test_search_emp_004:MAXIMIZE THE BROWSER
2024-04-11 23:21:55,308:Test_searchch_empemp: INFO:35:test_search_emp_004:NAVIGATING TO URL
2024-04-11 23:22:02,718:Test_searchch_empemp: INFO:38:test_search_emp_004:ENTERING THE USERNAME
2024-04-11 23:22:03,900:Test_searchch_empemp: INFO:41:test_search_emp_004:ENTERING THE PASSWORD
2024-04-11 23:22:04,035:Test_searchch_empemp: INFO:44:test_search_emp_004:CLICK ON LOGIN BUTTON
2024-04-11 23:22:06,133:Test_searchch_empemp: INFO:49:test_search_emp_004:CLICK ON PIM BUTTON
2024-04-11 23:22:10,388:Test_searchch_empemp: INFO:54:test_search_emp_004:CLICK ON EMPID BUTTON
2024-04-11 23:22:14,202:Test_searchch_empemp: INFO:57:test_search_emp_004:CLICK ON SEARCH BUTTON
2024-04-11 23:22:20,876:Test_searchch_empemp: INFO:65:test_search_emp_004:DETAILS OF EMPLOYEE ARE PRINTED
2024-04-11 23:22:20,877:Test_searchch_empemp: INFO:66:test_search_emp_004:TAKING THE SCREENSHOT
2024-04-11 23:22:20,877:Test_searchch_empemp: INFO:67:test_search_emp_004:TEST CASE IS PASSED
2024-04-11 23:22:21,225:Test_searchch_empemp: INFO:78:test_search_emp_004:TESTCASE TEST_SEARCH_EMP_004 IS COMPLETED
2024-04-11 23:32:06,913:Test_Addd_Emp: INFO:26:test_add_emp_003:TEST CASE ADD_EMPL_003 IS STARTED
2024-04-11 23:32:06,913:Test_Addd_Emp: INFO:28:test_add_emp_003:OPENING THE BROWSER
2024-04-11 23:32:06,913:Test_Addd_Emp: INFO:30:test_add_emp_003:MAXIMIZE THE BROWSER
2024-04-11 23:32:06,913:Test_Addd_Emp: INFO:34:test_add_emp_003:NAVIGATING TO THE URL
2024-04-11 23:32:16,328:Test_Addd_Emp: INFO:37:test_add_emp_003:ENTERTING THE USERNAME
2024-04-11 23:32:29,279:Test_Addd_Emp: INFO:40:test_add_emp_003:ENTERING THE PASSWORD
2024-04-11 23:32:29,447:Test_Addd_Emp: INFO:43:test_add_emp_003:CLICK ON THE LOGIN BUTTON
2024-04-11 23:32:29,599:Test_Addd_Emp: INFO:48:test_add_emp_003:CLICK ON THE PIM TAB
2024-04-11 23:32:34,283:Test_Addd_Emp: INFO:51:test_add_emp_003:CLICk ON THE ADD BUTTON
2024-04-11 23:32:36,048:Test_Addd_Emp: INFO:54:test_add_emp_003:ENTERING THE USERNAME
2024-04-11 23:32:36,896:Test_Addd_Emp: INFO:57:test_add_emp_003:ENTERING THE PASSWORD
2024-04-11 23:32:37,136:Test_Addd_Emp: INFO:60:test_add_emp_003:ENTERING THE LASTNAME
2024-04-11 23:32:37,246:Test_Addd_Emp: INFO:63:test_add_emp_003:UPLOAD THE DISPLAY PROFILE
2024-04-11 23:32:45,926:Test_Addd_Emp: INFO:67:test_add_emp_003:CLICK ON THE SAVE BUTTON
2024-04-11 23:32:49,007:Test_Addd_Emp: INFO:70:test_add_emp_003:CHECKING FOR THE SUCCESS MESSAGE STATUS
2024-04-11 23:32:49,043:Test_Addd_Emp: INFO:72:test_add_emp_003:TAKING SCREENSHOT
2024-04-11 23:32:49,236:Test_Addd_Emp: INFO:86:test_add_emp_003:TEST CASE ADD_EMP_003 IS COMPLETED
2024-04-11 23:32:53,695:Test_ohrmpro: INFO:20:test_page_title_001:TEST CASE PAGE_TITLE_001 IS STARTED 
2024-04-11 23:32:53,695:Test_ohrmpro: INFO:21:test_page_title_001:MAXIMIZE THE BROWSER
2024-04-11 23:32:53,695:Test_ohrmpro: INFO:25:test_page_title_001:NAVIGATING TO THE URL
2024-04-11 23:33:16,109:Test_ohrmpro: INFO:29:test_page_title_001:CHECKING THE TITLE OF THE PAGE
2024-04-11 23:33:16,121:Test_ohrmpro: INFO:31:test_page_title_001:TAKING THE SCREENSHOT
2024-04-11 23:33:16,223:Test_ohrmpro: INFO:35:test_page_title_001:CLOSING THE BROWSER
2024-04-11 23:33:16,257:Test_ohrmpro: INFO:44:test_page_title_001:TEST CASE PAGE_TITLE_001 IS COMPLETED
2024-04-11 23:33:21,099:Test_ohrmpro: INFO:47:test_login_002:TEST CASE LOGIN_002 IS STARTED
2024-04-11 23:33:21,099:Test_ohrmpro: INFO:48:test_login_002:OPENING THE BROWSER
2024-04-11 23:33:21,099:Test_ohrmpro: INFO:49:test_login_002:MAXIMIZE THE WINDOW
2024-04-11 23:33:21,099:Test_ohrmpro: INFO:53:test_login_002:NAVIGATING TO THE URL
2024-04-11 23:33:31,722:Test_ohrmpro: INFO:56:test_login_002:ENTER THE USERNAME
2024-04-11 23:33:31,980:Test_ohrmpro: INFO:59:test_login_002:ENTER THE PASSWORD
2024-04-11 23:33:32,133:Test_ohrmpro: INFO:62:test_login_002:CLICK ON THE LOGIN BUTTON 
2024-04-11 23:33:32,309:Test_ohrmpro: INFO:65:test_login_002:CHECKING FOR THE STATUS
2024-04-11 23:33:34,930:Test_ohrmpro: INFO:69:test_login_002:TAKING THE SCREENSHOT
2024-04-11 23:33:35,231:Test_ohrmpro: INFO:75:test_login_002:CLICK ON THE MENU BUTTON
2024-04-11 23:33:35,374:Test_ohrmpro: INFO:78:test_login_002:CLICK ON THE LOGOUT BUTTON
2024-04-11 23:33:36,752:Test_ohrmpro: INFO:81:test_login_002:CLOSE THE BROWSER
2024-04-11 23:33:36,818:Test_ohrmpro: INFO:98:test_login_002:TEST CASE LOGIN_002 IS COMPLETED
2024-04-11 23:33:42,029:Test_searchch_empemp: INFO:29:test_search_emp_004:TESTCASE TEST_SEARCH_EMP_004 IS STARTED
2024-04-11 23:33:42,029:Test_searchch_empemp: INFO:31:test_search_emp_004:OPEN THE BROWSER
2024-04-11 23:33:42,029:Test_searchch_empemp: INFO:33:test_search_emp_004:MAXIMIZE THE BROWSER
2024-04-11 23:33:42,030:Test_searchch_empemp: INFO:35:test_search_emp_004:NAVIGATING TO URL
2024-04-11 23:33:43,501:Test_searchch_empemp: INFO:38:test_search_emp_004:ENTERING THE USERNAME
2024-04-11 23:33:50,941:Test_searchch_empemp: INFO:41:test_search_emp_004:ENTERING THE PASSWORD
2024-04-11 23:33:51,105:Test_searchch_empemp: INFO:44:test_search_emp_004:CLICK ON LOGIN BUTTON
2024-04-11 23:33:51,258:Test_searchch_empemp: INFO:49:test_search_emp_004:CLICK ON PIM BUTTON
2024-04-11 23:33:55,023:Test_searchch_empemp: INFO:54:test_search_emp_004:CLICK ON EMPID BUTTON
2024-04-11 23:36:55,563:Test_Addd_Emp: INFO:26:test_add_emp_003:TEST CASE ADD_EMPL_003 IS STARTED
2024-04-11 23:36:55,563:Test_Addd_Emp: INFO:28:test_add_emp_003:OPENING THE BROWSER
2024-04-11 23:36:55,563:Test_Addd_Emp: INFO:30:test_add_emp_003:MAXIMIZE THE BROWSER
2024-04-11 23:36:55,563:Test_Addd_Emp: INFO:34:test_add_emp_003:NAVIGATING TO THE URL
2024-04-11 23:37:07,550:Test_Addd_Emp: INFO:37:test_add_emp_003:ENTERTING THE USERNAME
2024-04-11 23:37:07,780:Test_Addd_Emp: INFO:40:test_add_emp_003:ENTERING THE PASSWORD
2024-04-11 23:37:07,903:Test_Addd_Emp: INFO:43:test_add_emp_003:CLICK ON THE LOGIN BUTTON
2024-04-11 23:37:08,024:Test_Addd_Emp: INFO:48:test_add_emp_003:CLICK ON THE PIM TAB
2024-04-11 23:37:12,509:Test_Addd_Emp: INFO:51:test_add_emp_003:CLICk ON THE ADD BUTTON
2024-04-11 23:37:14,185:Test_Addd_Emp: INFO:54:test_add_emp_003:ENTERING THE USERNAME
2024-04-11 23:37:14,963:Test_Addd_Emp: INFO:57:test_add_emp_003:ENTERING THE PASSWORD
2024-04-11 23:37:15,073:Test_Addd_Emp: INFO:60:test_add_emp_003:ENTERING THE LASTNAME
2024-04-11 23:37:15,176:Test_Addd_Emp: INFO:63:test_add_emp_003:UPLOAD THE DISPLAY PROFILE
2024-04-11 23:37:23,738:Test_Addd_Emp: INFO:67:test_add_emp_003:CLICK ON THE SAVE BUTTON
2024-04-11 23:37:26,890:Test_Addd_Emp: INFO:70:test_add_emp_003:CHECKING FOR THE SUCCESS MESSAGE STATUS
2024-04-11 23:37:27,000:Test_Addd_Emp: INFO:72:test_add_emp_003:TAKING SCREENSHOT
2024-04-11 23:37:27,267:Test_Addd_Emp: INFO:86:test_add_emp_003:TEST CASE ADD_EMP_003 IS COMPLETED
2024-04-11 23:37:31,819:Test_ohrmpro: INFO:20:test_page_title_001:TEST CASE PAGE_TITLE_001 IS STARTED 
2024-04-11 23:37:31,820:Test_ohrmpro: INFO:21:test_page_title_001:MAXIMIZE THE BROWSER
2024-04-11 23:37:31,820:Test_ohrmpro: INFO:25:test_page_title_001:NAVIGATING TO THE URL
2024-04-11 23:38:15,578:Test_ohrmpro: INFO:29:test_page_title_001:CHECKING THE TITLE OF THE PAGE
2024-04-11 23:38:15,598:Test_ohrmpro: INFO:31:test_page_title_001:TAKING THE SCREENSHOT
2024-04-11 23:38:15,748:Test_ohrmpro: INFO:35:test_page_title_001:CLOSING THE BROWSER
2024-04-11 23:38:15,811:Test_ohrmpro: INFO:44:test_page_title_001:TEST CASE PAGE_TITLE_001 IS COMPLETED
2024-04-11 23:38:20,420:Test_ohrmpro: INFO:47:test_login_002:TEST CASE LOGIN_002 IS STARTED
2024-04-11 23:38:20,420:Test_ohrmpro: INFO:48:test_login_002:OPENING THE BROWSER
2024-04-11 23:38:20,420:Test_ohrmpro: INFO:49:test_login_002:MAXIMIZE THE WINDOW
2024-04-11 23:38:20,420:Test_ohrmpro: INFO:53:test_login_002:NAVIGATING TO THE URL
2024-04-11 23:38:33,396:Test_ohrmpro: INFO:56:test_login_002:ENTER THE USERNAME
2024-04-11 23:38:33,670:Test_ohrmpro: INFO:59:test_login_002:ENTER THE PASSWORD
2024-04-11 23:38:33,897:Test_ohrmpro: INFO:62:test_login_002:CLICK ON THE LOGIN BUTTON 
2024-04-11 23:38:34,115:Test_ohrmpro: INFO:65:test_login_002:CHECKING FOR THE STATUS
2024-04-11 23:38:36,442:Test_ohrmpro: INFO:69:test_login_002:TAKING THE SCREENSHOT
2024-04-11 23:38:36,649:Test_ohrmpro: INFO:75:test_login_002:CLICK ON THE MENU BUTTON
2024-04-11 23:38:36,721:Test_ohrmpro: INFO:78:test_login_002:CLICK ON THE LOGOUT BUTTON
2024-04-11 23:38:38,006:Test_ohrmpro: INFO:81:test_login_002:CLOSE THE BROWSER
2024-04-11 23:38:38,069:Test_ohrmpro: INFO:98:test_login_002:TEST CASE LOGIN_002 IS COMPLETED
2024-04-11 23:38:42,709:Test_searchch_empemp: INFO:29:test_search_emp_004:TESTCASE TEST_SEARCH_EMP_004 IS STARTED
2024-04-11 23:38:42,709:Test_searchch_empemp: INFO:31:test_search_emp_004:OPEN THE BROWSER
2024-04-11 23:38:42,709:Test_searchch_empemp: INFO:33:test_search_emp_004:MAXIMIZE THE BROWSER
2024-04-11 23:38:42,709:Test_searchch_empemp: INFO:35:test_search_emp_004:NAVIGATING TO URL
2024-04-11 23:38:51,569:Test_searchch_empemp: INFO:38:test_search_emp_004:ENTERING THE USERNAME
2024-04-11 23:38:52,714:Test_searchch_empemp: INFO:41:test_search_emp_004:ENTERING THE PASSWORD
2024-04-11 23:38:52,836:Test_searchch_empemp: INFO:44:test_search_emp_004:CLICK ON LOGIN BUTTON
2024-04-11 23:38:52,953:Test_searchch_empemp: INFO:49:test_search_emp_004:CLICK ON PIM BUTTON
2024-04-11 23:38:55,588:Test_searchch_empemp: INFO:54:test_search_emp_004:CLICK ON EMPID BUTTON
2024-04-11 23:39:53,385:Test_Addd_Emp: INFO:26:test_add_emp_003:TEST CASE ADD_EMPL_003 IS STARTED
2024-04-11 23:39:53,386:Test_Addd_Emp: INFO:28:test_add_emp_003:OPENING THE BROWSER
2024-04-11 23:39:53,386:Test_Addd_Emp: INFO:30:test_add_emp_003:MAXIMIZE THE BROWSER
2024-04-11 23:39:53,388:Test_Addd_Emp: INFO:34:test_add_emp_003:NAVIGATING TO THE URL
2024-04-11 23:40:12,989:Test_Addd_Emp: INFO:37:test_add_emp_003:ENTERTING THE USERNAME
2024-04-11 23:40:19,173:Test_ohrmpro: INFO:20:test_page_title_001:TEST CASE PAGE_TITLE_001 IS STARTED 
2024-04-11 23:40:19,173:Test_ohrmpro: INFO:21:test_page_title_001:MAXIMIZE THE BROWSER
2024-04-11 23:40:19,174:Test_ohrmpro: INFO:25:test_page_title_001:NAVIGATING TO THE URL
2024-04-11 23:40:35,444:Test_ohrmpro: INFO:29:test_page_title_001:CHECKING THE TITLE OF THE PAGE
2024-04-11 23:40:41,136:Test_ohrmpro: INFO:47:test_login_002:TEST CASE LOGIN_002 IS STARTED
2024-04-11 23:40:41,136:Test_ohrmpro: INFO:48:test_login_002:OPENING THE BROWSER
2024-04-11 23:40:41,136:Test_ohrmpro: INFO:49:test_login_002:MAXIMIZE THE WINDOW
2024-04-11 23:40:41,136:Test_ohrmpro: INFO:53:test_login_002:NAVIGATING TO THE URL
2024-04-11 23:40:48,790:Test_ohrmpro: INFO:56:test_login_002:ENTER THE USERNAME
2024-04-11 23:40:54,519:Test_searchch_empemp: INFO:29:test_search_emp_004:TESTCASE TEST_SEARCH_EMP_004 IS STARTED
2024-04-11 23:40:54,520:Test_searchch_empemp: INFO:31:test_search_emp_004:OPEN THE BROWSER
2024-04-11 23:40:54,520:Test_searchch_empemp: INFO:33:test_search_emp_004:MAXIMIZE THE BROWSER
2024-04-11 23:40:54,520:Test_searchch_empemp: INFO:35:test_search_emp_004:NAVIGATING TO URL
2024-04-11 23:41:02,216:Test_searchch_empemp: INFO:38:test_search_emp_004:ENTERING THE USERNAME
2024-04-11 23:41:50,612:Test_Addd_Emp: INFO:26:test_add_emp_003:TEST CASE ADD_EMPL_003 IS STARTED
2024-04-11 23:41:50,613:Test_Addd_Emp: INFO:28:test_add_emp_003:OPENING THE BROWSER
2024-04-11 23:41:50,613:Test_Addd_Emp: INFO:30:test_add_emp_003:MAXIMIZE THE BROWSER
2024-04-11 23:41:50,614:Test_Addd_Emp: INFO:34:test_add_emp_003:NAVIGATING TO THE URL
2024-04-11 23:42:12,714:Test_Addd_Emp: INFO:37:test_add_emp_003:ENTERTING THE USERNAME
2024-04-11 23:42:12,991:Test_Addd_Emp: INFO:40:test_add_emp_003:ENTERING THE PASSWORD
2024-04-11 23:42:13,134:Test_Addd_Emp: INFO:43:test_add_emp_003:CLICK ON THE LOGIN BUTTON
2024-04-11 23:42:15,066:Test_Addd_Emp: INFO:48:test_add_emp_003:CLICK ON THE PIM TAB
2024-04-11 23:42:17,124:Test_Addd_Emp: INFO:51:test_add_emp_003:CLICk ON THE ADD BUTTON
2024-04-11 23:42:19,053:Test_Addd_Emp: INFO:54:test_add_emp_003:ENTERING THE USERNAME
2024-04-11 23:42:19,713:Test_Addd_Emp: INFO:57:test_add_emp_003:ENTERING THE PASSWORD
2024-04-11 23:42:19,965:Test_Addd_Emp: INFO:60:test_add_emp_003:ENTERING THE LASTNAME
2024-04-11 23:42:20,115:Test_Addd_Emp: INFO:63:test_add_emp_003:UPLOAD THE DISPLAY PROFILE
2024-04-11 23:42:28,397:Test_Addd_Emp: INFO:67:test_add_emp_003:CLICK ON THE SAVE BUTTON
2024-04-11 23:42:31,531:Test_Addd_Emp: INFO:70:test_add_emp_003:CHECKING FOR THE SUCCESS MESSAGE STATUS
2024-04-11 23:42:31,624:Test_Addd_Emp: INFO:72:test_add_emp_003:TAKING SCREENSHOT
2024-04-11 23:42:32,517:Test_Addd_Emp: INFO:86:test_add_emp_003:TEST CASE ADD_EMP_003 IS COMPLETED
2024-04-11 23:42:39,003:Test_ohrmpro: INFO:20:test_page_title_001:TEST CASE PAGE_TITLE_001 IS STARTED 
2024-04-11 23:42:39,004:Test_ohrmpro: INFO:21:test_page_title_001:MAXIMIZE THE BROWSER
2024-04-11 23:42:39,004:Test_ohrmpro: INFO:25:test_page_title_001:NAVIGATING TO THE URL
2024-04-11 23:43:08,502:Test_ohrmpro: INFO:29:test_page_title_001:CHECKING THE TITLE OF THE PAGE
2024-04-11 23:43:08,520:Test_ohrmpro: INFO:31:test_page_title_001:TAKING THE SCREENSHOT
2024-04-11 23:43:08,847:Test_ohrmpro: INFO:35:test_page_title_001:CLOSING THE BROWSER
2024-04-11 23:43:09,110:Test_ohrmpro: INFO:44:test_page_title_001:TEST CASE PAGE_TITLE_001 IS COMPLETED
2024-04-11 23:43:14,374:Test_ohrmpro: INFO:47:test_login_002:TEST CASE LOGIN_002 IS STARTED
2024-04-11 23:43:14,374:Test_ohrmpro: INFO:48:test_login_002:OPENING THE BROWSER
2024-04-11 23:43:14,374:Test_ohrmpro: INFO:49:test_login_002:MAXIMIZE THE WINDOW
2024-04-11 23:43:14,374:Test_ohrmpro: INFO:53:test_login_002:NAVIGATING TO THE URL
2024-04-11 23:43:33,762:Test_ohrmpro: INFO:56:test_login_002:ENTER THE USERNAME
2024-04-11 23:43:34,036:Test_ohrmpro: INFO:59:test_login_002:ENTER THE PASSWORD
2024-04-11 23:43:34,195:Test_ohrmpro: INFO:62:test_login_002:CLICK ON THE LOGIN BUTTON 
2024-04-11 23:43:35,954:Test_ohrmpro: INFO:65:test_login_002:CHECKING FOR THE STATUS
2024-04-11 23:43:36,606:Test_ohrmpro: INFO:69:test_login_002:TAKING THE SCREENSHOT
2024-04-11 23:43:37,988:Test_ohrmpro: INFO:75:test_login_002:CLICK ON THE MENU BUTTON
2024-04-11 23:43:38,134:Test_ohrmpro: INFO:78:test_login_002:CLICK ON THE LOGOUT BUTTON
2024-04-11 23:43:39,256:Test_ohrmpro: INFO:81:test_login_002:CLOSE THE BROWSER
2024-04-11 23:43:39,447:Test_ohrmpro: INFO:98:test_login_002:TEST CASE LOGIN_002 IS COMPLETED
2024-04-11 23:43:45,516:Test_searchch_empemp: INFO:29:test_search_emp_004:TESTCASE TEST_SEARCH_EMP_004 IS STARTED
2024-04-11 23:43:45,516:Test_searchch_empemp: INFO:31:test_search_emp_004:OPEN THE BROWSER
2024-04-11 23:43:45,516:Test_searchch_empemp: INFO:33:test_search_emp_004:MAXIMIZE THE BROWSER
2024-04-11 23:43:45,516:Test_searchch_empemp: INFO:35:test_search_emp_004:NAVIGATING TO URL
2024-04-11 23:43:56,297:Test_searchch_empemp: INFO:38:test_search_emp_004:ENTERING THE USERNAME
2024-04-11 23:43:57,482:Test_searchch_empemp: INFO:41:test_search_emp_004:ENTERING THE PASSWORD
2024-04-11 23:43:57,629:Test_searchch_empemp: INFO:44:test_search_emp_004:CLICK ON LOGIN BUTTON
2024-04-11 23:43:59,521:Test_searchch_empemp: INFO:49:test_search_emp_004:CLICK ON PIM BUTTON
2024-04-11 23:44:02,123:Test_searchch_empemp: INFO:54:test_search_emp_004:CLICK ON EMPID BUTTON
2024-04-11 23:44:05,983:Test_searchch_empemp: INFO:57:test_search_emp_004:CLICK ON SEARCH BUTTON
2024-04-11 23:44:12,775:Test_searchch_empemp: INFO:65:test_search_emp_004:DETAILS OF EMPLOYEE ARE PRINTED
2024-04-11 23:44:12,775:Test_searchch_empemp: INFO:66:test_search_emp_004:TAKING THE SCREENSHOT
2024-04-11 23:44:12,775:Test_searchch_empemp: INFO:67:test_search_emp_004:TEST CASE IS PASSED
2024-04-11 23:44:13,111:Test_searchch_empemp: INFO:78:test_search_emp_004:TESTCASE TEST_SEARCH_EMP_004 IS COMPLETED
2024-04-12 16:47:23,578:Test_Addd_Emp: INFO:26:test_add_emp_003:TEST CASE ADD_EMPL_003 IS STARTED
2024-04-12 16:47:23,578:Test_Addd_Emp: INFO:28:test_add_emp_003:OPENING THE BROWSER
2024-04-12 16:47:23,578:Test_Addd_Emp: INFO:30:test_add_emp_003:MAXIMIZE THE BROWSER
2024-04-12 16:47:23,579:Test_Addd_Emp: INFO:34:test_add_emp_003:NAVIGATING TO THE URL
2024-04-12 16:47:30,650:Test_ohrmpro: INFO:20:test_page_title_001:TEST CASE PAGE_TITLE_001 IS STARTED 
2024-04-12 16:47:30,651:Test_ohrmpro: INFO:21:test_page_title_001:MAXIMIZE THE BROWSER
2024-04-12 16:47:30,651:Test_ohrmpro: INFO:25:test_page_title_001:NAVIGATING TO THE URL
2024-04-12 16:47:51,247:Test_ohrmpro: INFO:29:test_page_title_001:CHECKING THE TITLE OF THE PAGE
2024-04-12 16:48:03,322:Test_ohrmpro: INFO:47:test_login_002:TEST CASE LOGIN_002 IS STARTED
2024-04-12 16:48:03,322:Test_ohrmpro: INFO:48:test_login_002:OPENING THE BROWSER
2024-04-12 16:48:03,322:Test_ohrmpro: INFO:49:test_login_002:MAXIMIZE THE WINDOW
2024-04-12 16:48:03,322:Test_ohrmpro: INFO:53:test_login_002:NAVIGATING TO THE URL
2024-04-12 16:48:25,035:Test_searchch_empemp: INFO:29:test_search_emp_004:TESTCASE TEST_SEARCH_EMP_004 IS STARTED
2024-04-12 16:48:25,036:Test_searchch_empemp: INFO:31:test_search_emp_004:OPEN THE BROWSER
2024-04-12 16:48:25,036:Test_searchch_empemp: INFO:33:test_search_emp_004:MAXIMIZE THE BROWSER
2024-04-12 16:48:25,036:Test_searchch_empemp: INFO:35:test_search_emp_004:NAVIGATING TO URL
2024-04-12 16:48:26,276:Test_searchch_empemp: INFO:38:test_search_emp_004:ENTERING THE USERNAME
2024-04-12 16:48:52,879:Test_Addd_Emp: INFO:26:test_add_emp_003:TEST CASE ADD_EMPL_003 IS STARTED
2024-04-12 16:48:52,879:Test_Addd_Emp: INFO:28:test_add_emp_003:OPENING THE BROWSER
2024-04-12 16:48:52,880:Test_Addd_Emp: INFO:30:test_add_emp_003:MAXIMIZE THE BROWSER
2024-04-12 16:48:52,880:Test_Addd_Emp: INFO:34:test_add_emp_003:NAVIGATING TO THE URL
2024-04-12 16:49:01,315:Test_Addd_Emp: INFO:37:test_add_emp_003:ENTERTING THE USERNAME
2024-04-12 16:49:31,397:Test_Addd_Emp: INFO:40:test_add_emp_003:ENTERING THE PASSWORD
2024-04-12 16:49:31,543:Test_Addd_Emp: INFO:43:test_add_emp_003:CLICK ON THE LOGIN BUTTON
2024-04-12 16:49:35,029:Test_Addd_Emp: INFO:48:test_add_emp_003:CLICK ON THE PIM TAB
2024-04-12 16:49:37,842:Test_Addd_Emp: INFO:51:test_add_emp_003:CLICk ON THE ADD BUTTON
2024-04-12 16:49:40,362:Test_Addd_Emp: INFO:54:test_add_emp_003:ENTERING THE USERNAME
2024-04-12 16:49:41,324:Test_Addd_Emp: INFO:57:test_add_emp_003:ENTERING THE PASSWORD
2024-04-12 16:49:41,509:Test_Addd_Emp: INFO:60:test_add_emp_003:ENTERING THE LASTNAME
2024-04-12 16:49:41,624:Test_Addd_Emp: INFO:63:test_add_emp_003:UPLOAD THE DISPLAY PROFILE
2024-04-12 16:49:49,889:Test_Addd_Emp: INFO:67:test_add_emp_003:CLICK ON THE SAVE BUTTON
2024-04-12 16:49:53,067:Test_Addd_Emp: INFO:70:test_add_emp_003:CHECKING FOR THE SUCCESS MESSAGE STATUS
2024-04-12 16:49:53,142:Test_Addd_Emp: INFO:72:test_add_emp_003:TAKING SCREENSHOT
2024-04-12 16:49:53,900:Test_Addd_Emp: INFO:86:test_add_emp_003:TEST CASE ADD_EMP_003 IS COMPLETED
2024-04-12 16:49:59,226:Test_ohrmpro: INFO:20:test_page_title_001:TEST CASE PAGE_TITLE_001 IS STARTED 
2024-04-12 16:49:59,226:Test_ohrmpro: INFO:21:test_page_title_001:MAXIMIZE THE BROWSER
2024-04-12 16:49:59,226:Test_ohrmpro: INFO:25:test_page_title_001:NAVIGATING TO THE URL
2024-04-12 16:50:34,033:Test_ohrmpro: INFO:29:test_page_title_001:CHECKING THE TITLE OF THE PAGE
2024-04-12 16:50:34,044:Test_ohrmpro: INFO:31:test_page_title_001:TAKING THE SCREENSHOT
2024-04-12 16:50:34,385:Test_ohrmpro: INFO:35:test_page_title_001:CLOSING THE BROWSER
2024-04-12 16:50:34,686:Test_ohrmpro: INFO:44:test_page_title_001:TEST CASE PAGE_TITLE_001 IS COMPLETED
2024-04-12 16:50:41,734:Test_ohrmpro: INFO:47:test_login_002:TEST CASE LOGIN_002 IS STARTED
2024-04-12 16:50:41,735:Test_ohrmpro: INFO:48:test_login_002:OPENING THE BROWSER
2024-04-12 16:50:41,735:Test_ohrmpro: INFO:49:test_login_002:MAXIMIZE THE WINDOW
2024-04-12 16:50:41,735:Test_ohrmpro: INFO:53:test_login_002:NAVIGATING TO THE URL
2024-04-12 16:50:54,318:Test_ohrmpro: INFO:56:test_login_002:ENTER THE USERNAME
2024-04-12 16:50:54,466:Test_ohrmpro: INFO:59:test_login_002:ENTER THE PASSWORD
2024-04-12 16:50:54,604:Test_ohrmpro: INFO:62:test_login_002:CLICK ON THE LOGIN BUTTON 
2024-04-12 16:50:54,778:Test_ohrmpro: INFO:65:test_login_002:CHECKING FOR THE STATUS
2024-04-12 16:50:57,486:Test_ohrmpro: INFO:69:test_login_002:TAKING THE SCREENSHOT
2024-04-12 16:50:58,622:Test_ohrmpro: INFO:75:test_login_002:CLICK ON THE MENU BUTTON
2024-04-12 16:50:58,775:Test_ohrmpro: INFO:78:test_login_002:CLICK ON THE LOGOUT BUTTON
2024-04-12 16:51:00,507:Test_ohrmpro: INFO:81:test_login_002:CLOSE THE BROWSER
2024-04-12 16:51:00,767:Test_ohrmpro: INFO:98:test_login_002:TEST CASE LOGIN_002 IS COMPLETED
2024-04-12 16:51:06,719:Test_searchch_empemp: INFO:29:test_search_emp_004:TESTCASE TEST_SEARCH_EMP_004 IS STARTED
2024-04-12 16:51:06,719:Test_searchch_empemp: INFO:31:test_search_emp_004:OPEN THE BROWSER
2024-04-12 16:51:06,720:Test_searchch_empemp: INFO:33:test_search_emp_004:MAXIMIZE THE BROWSER
2024-04-12 16:51:06,720:Test_searchch_empemp: INFO:35:test_search_emp_004:NAVIGATING TO URL
2024-04-12 16:51:17,106:Test_searchch_empemp: INFO:38:test_search_emp_004:ENTERING THE USERNAME
2024-04-12 16:51:18,144:Test_searchch_empemp: INFO:41:test_search_emp_004:ENTERING THE PASSWORD
2024-04-12 16:51:18,284:Test_searchch_empemp: INFO:44:test_search_emp_004:CLICK ON LOGIN BUTTON
2024-04-12 16:51:20,301:Test_searchch_empemp: INFO:49:test_search_emp_004:CLICK ON PIM BUTTON
2024-04-12 16:51:23,343:Test_searchch_empemp: INFO:54:test_search_emp_004:CLICK ON EMPID BUTTON
2024-04-12 16:51:27,124:Test_searchch_empemp: INFO:57:test_search_emp_004:CLICK ON SEARCH BUTTON
2024-04-12 16:51:43,776:Test_searchch_empemp: INFO:75:test_search_emp_004:TEST CASE IS FAILED
2024-04-12 16:54:25,857:Test_Addd_Emp: INFO:26:test_add_emp_003:TEST CASE ADD_EMPL_003 IS STARTED
2024-04-12 16:54:25,857:Test_Addd_Emp: INFO:28:test_add_emp_003:OPENING THE BROWSER
2024-04-12 16:54:25,857:Test_Addd_Emp: INFO:30:test_add_emp_003:MAXIMIZE THE BROWSER
2024-04-12 16:54:25,857:Test_Addd_Emp: INFO:34:test_add_emp_003:NAVIGATING TO THE URL
2024-04-12 16:54:40,972:Test_Addd_Emp: INFO:37:test_add_emp_003:ENTERTING THE USERNAME
2024-04-12 16:54:41,280:Test_Addd_Emp: INFO:40:test_add_emp_003:ENTERING THE PASSWORD
2024-04-12 16:54:41,446:Test_Addd_Emp: INFO:43:test_add_emp_003:CLICK ON THE LOGIN BUTTON
2024-04-12 16:54:41,576:Test_Addd_Emp: INFO:48:test_add_emp_003:CLICK ON THE PIM TAB
2024-04-12 16:54:45,943:Test_Addd_Emp: INFO:51:test_add_emp_003:CLICk ON THE ADD BUTTON
2024-04-12 16:54:48,747:Test_Addd_Emp: INFO:54:test_add_emp_003:ENTERING THE USERNAME
2024-04-12 16:54:49,608:Test_Addd_Emp: INFO:57:test_add_emp_003:ENTERING THE PASSWORD
2024-04-12 16:54:49,837:Test_Addd_Emp: INFO:60:test_add_emp_003:ENTERING THE LASTNAME
2024-04-12 16:54:49,991:Test_Addd_Emp: INFO:63:test_add_emp_003:UPLOAD THE DISPLAY PROFILE
2024-04-12 16:54:58,259:Test_Addd_Emp: INFO:67:test_add_emp_003:CLICK ON THE SAVE BUTTON
2024-04-12 16:55:01,433:Test_Addd_Emp: INFO:70:test_add_emp_003:CHECKING FOR THE SUCCESS MESSAGE STATUS
2024-04-12 16:55:01,609:Test_Addd_Emp: INFO:72:test_add_emp_003:TAKING SCREENSHOT
2024-04-12 16:55:02,813:Test_Addd_Emp: INFO:86:test_add_emp_003:TEST CASE ADD_EMP_003 IS COMPLETED
2024-04-12 16:55:07,874:Test_ohrmpro: INFO:20:test_page_title_001:TEST CASE PAGE_TITLE_001 IS STARTED 
2024-04-12 16:55:07,875:Test_ohrmpro: INFO:21:test_page_title_001:MAXIMIZE THE BROWSER
2024-04-12 16:55:07,875:Test_ohrmpro: INFO:25:test_page_title_001:NAVIGATING TO THE URL
2024-04-12 16:55:34,038:Test_ohrmpro: INFO:29:test_page_title_001:CHECKING THE TITLE OF THE PAGE
2024-04-12 16:55:34,057:Test_ohrmpro: INFO:31:test_page_title_001:TAKING THE SCREENSHOT
2024-04-12 16:55:34,367:Test_ohrmpro: INFO:35:test_page_title_001:CLOSING THE BROWSER
2024-04-12 16:55:34,522:Test_ohrmpro: INFO:44:test_page_title_001:TEST CASE PAGE_TITLE_001 IS COMPLETED
2024-04-12 16:55:40,443:Test_ohrmpro: INFO:47:test_login_002:TEST CASE LOGIN_002 IS STARTED
2024-04-12 16:55:40,444:Test_ohrmpro: INFO:48:test_login_002:OPENING THE BROWSER
2024-04-12 16:55:40,444:Test_ohrmpro: INFO:49:test_login_002:MAXIMIZE THE WINDOW
2024-04-12 16:55:40,444:Test_ohrmpro: INFO:53:test_login_002:NAVIGATING TO THE URL
2024-04-12 16:55:56,703:Test_ohrmpro: INFO:56:test_login_002:ENTER THE USERNAME
2024-04-12 16:55:56,869:Test_ohrmpro: INFO:59:test_login_002:ENTER THE PASSWORD
2024-04-12 16:55:57,010:Test_ohrmpro: INFO:62:test_login_002:CLICK ON THE LOGIN BUTTON 
2024-04-12 16:55:57,168:Test_ohrmpro: INFO:65:test_login_002:CHECKING FOR THE STATUS
2024-04-12 16:55:59,485:Test_ohrmpro: INFO:69:test_login_002:TAKING THE SCREENSHOT
2024-04-12 16:56:00,951:Test_ohrmpro: INFO:75:test_login_002:CLICK ON THE MENU BUTTON
2024-04-12 16:56:01,056:Test_ohrmpro: INFO:78:test_login_002:CLICK ON THE LOGOUT BUTTON
2024-04-12 16:56:03,241:Test_ohrmpro: INFO:81:test_login_002:CLOSE THE BROWSER
2024-04-12 16:56:03,474:Test_ohrmpro: INFO:98:test_login_002:TEST CASE LOGIN_002 IS COMPLETED
2024-04-12 16:56:08,491:Test_searchch_empemp: INFO:29:test_search_emp_004:TESTCASE TEST_SEARCH_EMP_004 IS STARTED
2024-04-12 16:56:08,492:Test_searchch_empemp: INFO:31:test_search_emp_004:OPEN THE BROWSER
2024-04-12 16:56:08,492:Test_searchch_empemp: INFO:33:test_search_emp_004:MAXIMIZE THE BROWSER
2024-04-12 16:56:08,492:Test_searchch_empemp: INFO:35:test_search_emp_004:NAVIGATING TO URL
2024-04-12 16:56:20,365:Test_searchch_empemp: INFO:38:test_search_emp_004:ENTERING THE USERNAME
2024-04-12 16:56:21,608:Test_searchch_empemp: INFO:41:test_search_emp_004:ENTERING THE PASSWORD
2024-04-12 16:56:21,750:Test_searchch_empemp: INFO:44:test_search_emp_004:CLICK ON LOGIN BUTTON
2024-04-12 16:56:24,329:Test_searchch_empemp: INFO:49:test_search_emp_004:CLICK ON PIM BUTTON
2024-04-12 16:56:27,224:Test_searchch_empemp: INFO:54:test_search_emp_004:CLICK ON EMPID BUTTON
2024-04-12 16:56:31,061:Test_searchch_empemp: INFO:57:test_search_emp_004:CLICK ON SEARCH BUTTON
2024-04-12 16:56:37,625:Test_searchch_empemp: INFO:65:test_search_emp_004:DETAILS OF EMPLOYEE ARE PRINTED
2024-04-12 16:56:37,625:Test_searchch_empemp: INFO:66:test_search_emp_004:TAKING THE SCREENSHOT
2024-04-12 16:56:37,625:Test_searchch_empemp: INFO:67:test_search_emp_004:TEST CASE IS PASSED
2024-04-12 16:56:37,918:Test_searchch_empemp: INFO:78:test_search_emp_004:TESTCASE TEST_SEARCH_EMP_004 IS COMPLETED
2024-04-12 17:24:32,791:Test_Addd_Emp: INFO:26:test_add_emp_003:TEST CASE ADD_EMPL_003 IS STARTED
2024-04-12 17:24:32,792:Test_Addd_Emp: INFO:28:test_add_emp_003:OPENING THE BROWSER
2024-04-12 17:24:32,792:Test_Addd_Emp: INFO:30:test_add_emp_003:MAXIMIZE THE BROWSER
2024-04-12 17:24:32,793:Test_Addd_Emp: INFO:34:test_add_emp_003:NAVIGATING TO THE URL
2024-04-12 17:25:04,786:Test_Addd_Emp: INFO:37:test_add_emp_003:ENTERTING THE USERNAME
2024-04-12 17:25:05,102:Test_Addd_Emp: INFO:40:test_add_emp_003:ENTERING THE PASSWORD
2024-04-12 17:25:05,425:Test_Addd_Emp: INFO:43:test_add_emp_003:CLICK ON THE LOGIN BUTTON
2024-04-12 17:25:05,593:Test_Addd_Emp: INFO:48:test_add_emp_003:CLICK ON THE PIM TAB
2024-04-12 17:25:13,950:Test_Addd_Emp: INFO:51:test_add_emp_003:CLICk ON THE ADD BUTTON
2024-04-12 17:25:16,937:Test_Addd_Emp: INFO:54:test_add_emp_003:ENTERING THE USERNAME
2024-04-12 17:25:17,879:Test_Addd_Emp: INFO:57:test_add_emp_003:ENTERING THE PASSWORD
2024-04-12 17:25:18,113:Test_Addd_Emp: INFO:60:test_add_emp_003:ENTERING THE LASTNAME
2024-04-12 17:25:18,248:Test_Addd_Emp: INFO:63:test_add_emp_003:UPLOAD THE DISPLAY PROFILE
2024-04-12 17:25:26,549:Test_Addd_Emp: INFO:67:test_add_emp_003:CLICK ON THE SAVE BUTTON
2024-04-12 17:25:29,715:Test_Addd_Emp: INFO:70:test_add_emp_003:CHECKING FOR THE SUCCESS MESSAGE STATUS
2024-04-12 17:25:29,880:Test_Addd_Emp: INFO:72:test_add_emp_003:TAKING SCREENSHOT
2024-04-12 17:25:30,895:Test_Addd_Emp: INFO:86:test_add_emp_003:TEST CASE ADD_EMP_003 IS COMPLETED
2024-04-12 17:25:37,851:Test_ohrmpro: INFO:20:test_page_title_001:TEST CASE PAGE_TITLE_001 IS STARTED 
2024-04-12 17:25:37,851:Test_ohrmpro: INFO:21:test_page_title_001:MAXIMIZE THE BROWSER
2024-04-12 17:25:37,852:Test_ohrmpro: INFO:25:test_page_title_001:NAVIGATING TO THE URL
2024-04-12 17:26:09,689:Test_ohrmpro: INFO:29:test_page_title_001:CHECKING THE TITLE OF THE PAGE
2024-04-12 17:26:09,710:Test_ohrmpro: INFO:31:test_page_title_001:TAKING THE SCREENSHOT
2024-04-12 17:26:10,098:Test_ohrmpro: INFO:35:test_page_title_001:CLOSING THE BROWSER
2024-04-12 17:26:10,422:Test_ohrmpro: INFO:44:test_page_title_001:TEST CASE PAGE_TITLE_001 IS COMPLETED
2024-04-12 17:26:15,553:Test_ohrmpro: INFO:47:test_login_002:TEST CASE LOGIN_002 IS STARTED
2024-04-12 17:26:15,553:Test_ohrmpro: INFO:48:test_login_002:OPENING THE BROWSER
2024-04-12 17:26:15,554:Test_ohrmpro: INFO:49:test_login_002:MAXIMIZE THE WINDOW
2024-04-12 17:26:15,554:Test_ohrmpro: INFO:53:test_login_002:NAVIGATING TO THE URL
2024-04-12 17:26:40,435:Test_ohrmpro: INFO:56:test_login_002:ENTER THE USERNAME
2024-04-12 17:26:40,728:Test_ohrmpro: INFO:59:test_login_002:ENTER THE PASSWORD
2024-04-12 17:26:41,031:Test_ohrmpro: INFO:62:test_login_002:CLICK ON THE LOGIN BUTTON 
2024-04-12 17:26:41,163:Test_ohrmpro: INFO:65:test_login_002:CHECKING FOR THE STATUS
2024-04-12 17:26:43,970:Test_ohrmpro: INFO:69:test_login_002:TAKING THE SCREENSHOT
2024-04-12 17:26:45,324:Test_ohrmpro: INFO:75:test_login_002:CLICK ON THE MENU BUTTON
2024-04-12 17:26:45,456:Test_ohrmpro: INFO:78:test_login_002:CLICK ON THE LOGOUT BUTTON
2024-04-12 17:26:52,320:Test_ohrmpro: INFO:81:test_login_002:CLOSE THE BROWSER
2024-04-12 17:26:52,580:Test_ohrmpro: INFO:98:test_login_002:TEST CASE LOGIN_002 IS COMPLETED
2024-04-12 17:26:57,851:Test_searchch_empemp: INFO:29:test_search_emp_004:TESTCASE TEST_SEARCH_EMP_004 IS STARTED
2024-04-12 17:26:57,852:Test_searchch_empemp: INFO:31:test_search_emp_004:OPEN THE BROWSER
2024-04-12 17:26:57,853:Test_searchch_empemp: INFO:33:test_search_emp_004:MAXIMIZE THE BROWSER
2024-04-12 17:26:57,853:Test_searchch_empemp: INFO:35:test_search_emp_004:NAVIGATING TO URL
2024-04-12 17:27:15,474:Test_searchch_empemp: INFO:38:test_search_emp_004:ENTERING THE USERNAME
2024-04-12 17:27:16,880:Test_searchch_empemp: INFO:41:test_search_emp_004:ENTERING THE PASSWORD
2024-04-12 17:27:17,015:Test_searchch_empemp: INFO:44:test_search_emp_004:CLICK ON LOGIN BUTTON
2024-04-12 17:27:17,123:Test_searchch_empemp: INFO:49:test_search_emp_004:CLICK ON PIM BUTTON
2024-04-12 17:27:23,682:Test_searchch_empemp: INFO:54:test_search_emp_004:CLICK ON EMPID BUTTON
2024-04-12 17:27:28,000:Test_searchch_empemp: INFO:57:test_search_emp_004:CLICK ON SEARCH BUTTON
2024-04-12 17:27:34,725:Test_searchch_empemp: INFO:65:test_search_emp_004:DETAILS OF EMPLOYEE ARE PRINTED
2024-04-12 17:27:34,726:Test_searchch_empemp: INFO:66:test_search_emp_004:TAKING THE SCREENSHOT
2024-04-12 17:27:34,726:Test_searchch_empemp: INFO:67:test_search_emp_004:TEST CASE IS PASSED
2024-04-12 17:27:35,041:Test_searchch_empemp: INFO:78:test_search_emp_004:TESTCASE TEST_SEARCH_EMP_004 IS COMPLETED
2024-04-12 17:30:39,407:Test_Addd_Emp: INFO:26:test_add_emp_003:TEST CASE ADD_EMPL_003 IS STARTED
2024-04-12 17:30:39,408:Test_Addd_Emp: INFO:28:test_add_emp_003:OPENING THE BROWSER
2024-04-12 17:30:39,409:Test_Addd_Emp: INFO:30:test_add_emp_003:MAXIMIZE THE BROWSER
2024-04-12 17:30:39,410:Test_Addd_Emp: INFO:34:test_add_emp_003:NAVIGATING TO THE URL
2024-04-12 17:31:04,986:Test_Addd_Emp: INFO:37:test_add_emp_003:ENTERTING THE USERNAME
2024-04-12 17:31:05,249:Test_Addd_Emp: INFO:40:test_add_emp_003:ENTERING THE PASSWORD
2024-04-12 17:31:05,477:Test_Addd_Emp: INFO:43:test_add_emp_003:CLICK ON THE LOGIN BUTTON
2024-04-12 17:31:05,644:Test_Addd_Emp: INFO:48:test_add_emp_003:CLICK ON THE PIM TAB
2024-04-12 17:31:09,186:Test_Addd_Emp: INFO:51:test_add_emp_003:CLICk ON THE ADD BUTTON
2024-04-12 17:31:24,064:Test_ohrmpro: INFO:20:test_page_title_001:TEST CASE PAGE_TITLE_001 IS STARTED 
2024-04-12 17:31:24,064:Test_ohrmpro: INFO:21:test_page_title_001:MAXIMIZE THE BROWSER
2024-04-12 17:31:24,064:Test_ohrmpro: INFO:25:test_page_title_001:NAVIGATING TO THE URL
2024-04-12 17:33:42,190:Test_Addd_Emp: INFO:26:test_add_emp_003:TEST CASE ADD_EMPL_003 IS STARTED
2024-04-12 17:33:42,191:Test_Addd_Emp: INFO:28:test_add_emp_003:OPENING THE BROWSER
2024-04-12 17:33:42,192:Test_Addd_Emp: INFO:30:test_add_emp_003:MAXIMIZE THE BROWSER
2024-04-12 17:33:42,192:Test_Addd_Emp: INFO:34:test_add_emp_003:NAVIGATING TO THE URL
2024-04-12 17:33:59,206:Test_Addd_Emp: INFO:37:test_add_emp_003:ENTERTING THE USERNAME
2024-04-12 17:33:59,486:Test_Addd_Emp: INFO:40:test_add_emp_003:ENTERING THE PASSWORD
2024-04-12 17:33:59,794:Test_Addd_Emp: INFO:43:test_add_emp_003:CLICK ON THE LOGIN BUTTON
2024-04-12 17:34:01,959:Test_Addd_Emp: INFO:48:test_add_emp_003:CLICK ON THE PIM TAB
2024-04-12 17:34:05,672:Test_Addd_Emp: INFO:51:test_add_emp_003:CLICk ON THE ADD BUTTON
2024-04-12 17:34:07,883:Test_Addd_Emp: INFO:54:test_add_emp_003:ENTERING THE USERNAME
2024-04-12 17:34:08,970:Test_Addd_Emp: INFO:57:test_add_emp_003:ENTERING THE PASSWORD
2024-04-12 17:34:09,156:Test_Addd_Emp: INFO:60:test_add_emp_003:ENTERING THE LASTNAME
2024-04-12 17:34:09,315:Test_Addd_Emp: INFO:63:test_add_emp_003:UPLOAD THE DISPLAY PROFILE
2024-04-12 17:34:17,483:Test_Addd_Emp: INFO:67:test_add_emp_003:CLICK ON THE SAVE BUTTON
2024-04-12 17:34:20,584:Test_Addd_Emp: INFO:70:test_add_emp_003:CHECKING FOR THE SUCCESS MESSAGE STATUS
2024-04-12 17:34:20,683:Test_Addd_Emp: INFO:72:test_add_emp_003:TAKING SCREENSHOT
2024-04-12 17:34:21,824:Test_Addd_Emp: INFO:86:test_add_emp_003:TEST CASE ADD_EMP_003 IS COMPLETED
2024-04-12 17:34:26,989:Test_ohrmpro: INFO:20:test_page_title_001:TEST CASE PAGE_TITLE_001 IS STARTED 
2024-04-12 17:34:26,990:Test_ohrmpro: INFO:21:test_page_title_001:MAXIMIZE THE BROWSER
2024-04-12 17:34:26,990:Test_ohrmpro: INFO:25:test_page_title_001:NAVIGATING TO THE URL
2024-04-12 17:34:59,325:Test_ohrmpro: INFO:29:test_page_title_001:CHECKING THE TITLE OF THE PAGE
2024-04-12 17:34:59,345:Test_ohrmpro: INFO:31:test_page_title_001:TAKING THE SCREENSHOT
2024-04-12 17:34:59,733:Test_ohrmpro: INFO:35:test_page_title_001:CLOSING THE BROWSER
2024-04-12 17:34:59,954:Test_ohrmpro: INFO:44:test_page_title_001:TEST CASE PAGE_TITLE_001 IS COMPLETED
2024-04-12 17:35:04,995:Test_ohrmpro: INFO:47:test_login_002:TEST CASE LOGIN_002 IS STARTED
2024-04-12 17:35:04,996:Test_ohrmpro: INFO:48:test_login_002:OPENING THE BROWSER
2024-04-12 17:35:04,996:Test_ohrmpro: INFO:49:test_login_002:MAXIMIZE THE WINDOW
2024-04-12 17:35:04,996:Test_ohrmpro: INFO:53:test_login_002:NAVIGATING TO THE URL
2024-04-12 17:35:18,532:Test_ohrmpro: INFO:56:test_login_002:ENTER THE USERNAME
2024-04-12 17:35:18,757:Test_ohrmpro: INFO:59:test_login_002:ENTER THE PASSWORD
2024-04-12 17:35:18,941:Test_ohrmpro: INFO:62:test_login_002:CLICK ON THE LOGIN BUTTON 
2024-04-12 17:35:20,541:Test_ohrmpro: INFO:65:test_login_002:CHECKING FOR THE STATUS
2024-04-12 17:35:21,155:Test_ohrmpro: INFO:69:test_login_002:TAKING THE SCREENSHOT
2024-04-12 17:35:22,613:Test_ohrmpro: INFO:75:test_login_002:CLICK ON THE MENU BUTTON
2024-04-12 17:35:22,718:Test_ohrmpro: INFO:78:test_login_002:CLICK ON THE LOGOUT BUTTON
2024-04-12 17:35:24,773:Test_ohrmpro: INFO:81:test_login_002:CLOSE THE BROWSER
2024-04-12 17:35:25,012:Test_ohrmpro: INFO:98:test_login_002:TEST CASE LOGIN_002 IS COMPLETED
2024-04-12 17:35:30,079:Test_searchch_empemp: INFO:29:test_search_emp_004:TESTCASE TEST_SEARCH_EMP_004 IS STARTED
2024-04-12 17:35:30,079:Test_searchch_empemp: INFO:31:test_search_emp_004:OPEN THE BROWSER
2024-04-12 17:35:30,080:Test_searchch_empemp: INFO:33:test_search_emp_004:MAXIMIZE THE BROWSER
2024-04-12 17:35:30,080:Test_searchch_empemp: INFO:35:test_search_emp_004:NAVIGATING TO URL
2024-04-12 17:35:45,325:Test_searchch_empemp: INFO:38:test_search_emp_004:ENTERING THE USERNAME
2024-04-12 17:35:46,537:Test_searchch_empemp: INFO:41:test_search_emp_004:ENTERING THE PASSWORD
2024-04-12 17:35:46,694:Test_searchch_empemp: INFO:44:test_search_emp_004:CLICK ON LOGIN BUTTON
2024-04-12 17:35:49,734:Test_searchch_empemp: INFO:49:test_search_emp_004:CLICK ON PIM BUTTON
2024-04-12 17:35:53,072:Test_searchch_empemp: INFO:54:test_search_emp_004:CLICK ON EMPID BUTTON
2024-04-12 17:35:57,082:Test_searchch_empemp: INFO:57:test_search_emp_004:CLICK ON SEARCH BUTTON
2024-04-12 17:36:03,809:Test_searchch_empemp: INFO:65:test_search_emp_004:DETAILS OF EMPLOYEE ARE PRINTED
2024-04-12 17:36:03,809:Test_searchch_empemp: INFO:66:test_search_emp_004:TAKING THE SCREENSHOT
2024-04-12 17:36:03,809:Test_searchch_empemp: INFO:67:test_search_emp_004:TEST CASE IS PASSED
2024-04-12 17:36:04,236:Test_searchch_empemp: INFO:78:test_search_emp_004:TESTCASE TEST_SEARCH_EMP_004 IS COMPLETED
2024-04-12 17:37:15,622:Test_Addd_Emp: INFO:26:test_add_emp_003:TEST CASE ADD_EMPL_003 IS STARTED
2024-04-12 17:37:15,622:Test_Addd_Emp: INFO:28:test_add_emp_003:OPENING THE BROWSER
2024-04-12 17:37:15,623:Test_Addd_Emp: INFO:30:test_add_emp_003:MAXIMIZE THE BROWSER
2024-04-12 17:37:15,623:Test_Addd_Emp: INFO:34:test_add_emp_003:NAVIGATING TO THE URL
2024-04-12 17:37:36,350:Test_Addd_Emp: INFO:37:test_add_emp_003:ENTERTING THE USERNAME
2024-04-12 17:37:36,684:Test_Addd_Emp: INFO:40:test_add_emp_003:ENTERING THE PASSWORD
2024-04-12 17:37:36,827:Test_Addd_Emp: INFO:43:test_add_emp_003:CLICK ON THE LOGIN BUTTON
2024-04-12 17:37:36,960:Test_Addd_Emp: INFO:48:test_add_emp_003:CLICK ON THE PIM TAB
2024-04-12 17:37:44,465:Test_Addd_Emp: INFO:51:test_add_emp_003:CLICk ON THE ADD BUTTON
2024-04-12 17:37:47,562:Test_Addd_Emp: INFO:54:test_add_emp_003:ENTERING THE USERNAME
2024-04-12 17:37:48,613:Test_Addd_Emp: INFO:57:test_add_emp_003:ENTERING THE PASSWORD
2024-04-12 17:37:48,798:Test_Addd_Emp: INFO:60:test_add_emp_003:ENTERING THE LASTNAME
2024-04-12 17:37:48,943:Test_Addd_Emp: INFO:63:test_add_emp_003:UPLOAD THE DISPLAY PROFILE
2024-04-12 17:37:57,303:Test_Addd_Emp: INFO:67:test_add_emp_003:CLICK ON THE SAVE BUTTON
2024-04-12 17:38:00,484:Test_Addd_Emp: INFO:70:test_add_emp_003:CHECKING FOR THE SUCCESS MESSAGE STATUS
2024-04-12 17:38:00,564:Test_Addd_Emp: INFO:72:test_add_emp_003:TAKING SCREENSHOT
2024-04-12 17:38:01,767:Test_Addd_Emp: INFO:86:test_add_emp_003:TEST CASE ADD_EMP_003 IS COMPLETED
2024-04-12 17:38:07,212:Test_ohrmpro: INFO:20:test_page_title_001:TEST CASE PAGE_TITLE_001 IS STARTED 
2024-04-12 17:38:07,212:Test_ohrmpro: INFO:21:test_page_title_001:MAXIMIZE THE BROWSER
2024-04-12 17:38:07,213:Test_ohrmpro: INFO:25:test_page_title_001:NAVIGATING TO THE URL
2024-04-12 17:38:35,490:Test_ohrmpro: INFO:29:test_page_title_001:CHECKING THE TITLE OF THE PAGE
2024-04-12 17:38:35,503:Test_ohrmpro: INFO:31:test_page_title_001:TAKING THE SCREENSHOT
2024-04-12 17:38:35,904:Test_ohrmpro: INFO:35:test_page_title_001:CLOSING THE BROWSER
2024-04-12 17:38:36,183:Test_ohrmpro: INFO:44:test_page_title_001:TEST CASE PAGE_TITLE_001 IS COMPLETED
2024-04-12 17:38:41,438:Test_ohrmpro: INFO:47:test_login_002:TEST CASE LOGIN_002 IS STARTED
2024-04-12 17:38:41,439:Test_ohrmpro: INFO:48:test_login_002:OPENING THE BROWSER
2024-04-12 17:38:41,439:Test_ohrmpro: INFO:49:test_login_002:MAXIMIZE THE WINDOW
2024-04-12 17:38:41,439:Test_ohrmpro: INFO:53:test_login_002:NAVIGATING TO THE URL
2024-04-12 17:38:45,737:Test_ohrmpro: INFO:56:test_login_002:ENTER THE USERNAME
2024-04-12 17:38:57,121:Test_ohrmpro: INFO:59:test_login_002:ENTER THE PASSWORD
2024-04-12 17:38:57,274:Test_ohrmpro: INFO:62:test_login_002:CLICK ON THE LOGIN BUTTON 
2024-04-12 17:38:59,601:Test_ohrmpro: INFO:65:test_login_002:CHECKING FOR THE STATUS
2024-04-12 17:39:00,385:Test_ohrmpro: INFO:69:test_login_002:TAKING THE SCREENSHOT
2024-04-12 17:39:01,846:Test_ohrmpro: INFO:75:test_login_002:CLICK ON THE MENU BUTTON
2024-04-12 17:39:01,959:Test_ohrmpro: INFO:78:test_login_002:CLICK ON THE LOGOUT BUTTON
2024-04-12 17:39:03,153:Test_ohrmpro: INFO:81:test_login_002:CLOSE THE BROWSER
2024-04-12 17:39:03,376:Test_ohrmpro: INFO:98:test_login_002:TEST CASE LOGIN_002 IS COMPLETED
2024-04-12 17:39:08,390:Test_searchch_empemp: INFO:29:test_search_emp_004:TESTCASE TEST_SEARCH_EMP_004 IS STARTED
2024-04-12 17:39:08,390:Test_searchch_empemp: INFO:31:test_search_emp_004:OPEN THE BROWSER
2024-04-12 17:39:08,391:Test_searchch_empemp: INFO:33:test_search_emp_004:MAXIMIZE THE BROWSER
2024-04-12 17:39:08,391:Test_searchch_empemp: INFO:35:test_search_emp_004:NAVIGATING TO URL
2024-04-12 17:39:22,174:Test_searchch_empemp: INFO:38:test_search_emp_004:ENTERING THE USERNAME
2024-04-12 17:39:23,407:Test_searchch_empemp: INFO:41:test_search_emp_004:ENTERING THE PASSWORD
2024-04-12 17:39:23,557:Test_searchch_empemp: INFO:44:test_search_emp_004:CLICK ON LOGIN BUTTON
2024-04-12 17:39:26,755:Test_searchch_empemp: INFO:49:test_search_emp_004:CLICK ON PIM BUTTON
2024-04-12 17:39:29,722:Test_searchch_empemp: INFO:54:test_search_emp_004:CLICK ON EMPID BUTTON
2024-04-12 17:39:33,972:Test_searchch_empemp: INFO:57:test_search_emp_004:CLICK ON SEARCH BUTTON
2024-04-12 17:39:40,639:Test_searchch_empemp: INFO:65:test_search_emp_004:DETAILS OF EMPLOYEE ARE PRINTED
2024-04-12 17:39:40,640:Test_searchch_empemp: INFO:66:test_search_emp_004:TAKING THE SCREENSHOT
2024-04-12 17:39:40,640:Test_searchch_empemp: INFO:67:test_search_emp_004:TEST CASE IS PASSED
2024-04-12 17:39:41,077:Test_searchch_empemp: INFO:78:test_search_emp_004:TESTCASE TEST_SEARCH_EMP_004 IS COMPLETED
